Reading '/Users/rebeccafiletti/.cpan/Metadata'
  Database was generated on Wed, 13 Jul 2016 11:53:44 GMT
.......................................................................................................
  CPAN: Recompiling A/AD/ADAMK/Params-Util-1.07.tar.gz

Running make for A/AD/ADAMK/Params-Util-1.07.tar.gz
Fetching with LWP:
http://cpan.mirror.nac.net/authors/id/A/AD/ADAMK/Params-Util-1.07.tar.gz
Checksum for /Users/rebeccafiletti/.cpan/sources/authors/id/A/AD/ADAMK/Params-Util-1.07.tar.gz ok

  CPAN.pm: Building A/AD/ADAMK/Params-Util-1.07.tar.gz

Checking if your kit is complete...
Looks good
Writing Makefile for Params::Util
Writing MYMETA.yml and MYMETA.json
cp lib/Params/Util.pm blib/lib/Params/Util.pm
/usr/bin/perl /System/Library/Perl/5.18/ExtUtils/xsubpp  -typemap /System/Library/Perl/5.18/ExtUtils/typemap  Util.xs > Util.xsc && mv Util.xsc Util.c
cc -c   -arch x86_64 -arch i386 -g -pipe -fno-common -DPERL_DARWIN -fno-strict-aliasing -fstack-protector -Os   -DVERSION=\"1.07\" -DXS_VERSION=\"1.07\"  "-I/System/Library/Perl/5.18/darwin-thread-multi-2level/CORE"  -DPERL_EXT Util.c
Running Mkbootstrap for Params::Util ()
chmod 644 Util.bs
rm -f blib/arch/auto/Params/Util/Util.bundle
cc -mmacosx-version-min=10.11  -arch x86_64 -arch i386 -bundle -undefined dynamic_lookup -fstack-protector Util.o  -o blib/arch/auto/Params/Util/Util.bundle 	\
	     	\
	  
chmod 755 blib/arch/auto/Params/Util/Util.bundle
cp Util.bs blib/arch/auto/Params/Util/Util.bs
chmod 644 blib/arch/auto/Params/Util/Util.bs
Manifying blib/man3/Params::Util.3pm
  ADAMK/Params-Util-1.07.tar.gz
  /usr/bin/make -- OK
'YAML' not installed, will not store persistent state
Running make test
PERL_DL_NONLAZY=1 /usr/bin/perl "-MExtUtils::Command::MM" "-e" "test_harness(0, 'blib/lib', 'blib/arch')" t/*.t
t/01_compile.t .... ok
t/02_main.t ....... ok
t/03_all.t ........ ok
t/04_codelike.t ... ok
t/05_typelike.t ... ok
t/06_invocant.t ... ok
t/07_handle.t ..... ok
t/08_driver.t ..... ok
t/09_insideout.t .. ok
t/11_compile.t .... ok
t/12_main.t ....... ok
t/13_all.t ........ ok
t/14_codelike.t ... ok
t/15_typelike.t ... ok
t/16_invocant.t ... ok
t/17_handle.t ..... ok
t/18_driver.t ..... ok
t/19_insideout.t .. ok
All tests successful.
Files=18, Tests=1704,  1 wallclock secs ( 0.21 usr  0.05 sys +  0.65 cusr  0.12 csys =  1.03 CPU)
Result: PASS
  ADAMK/Params-Util-1.07.tar.gz
  /usr/bin/make test -- OK
Running make install
Files found in blib/arch: installing files in blib/lib into architecture dependent library tree
!!!!!!!!!!!!!!!!!!!!!!!!!!!!!!!!!!!!!!!!!!!!!!!!!!!!!!!!!!!!!!!!!!!!!!!!
ERROR: Can't create '/Library/Perl/5.18/darwin-thread-multi-2level/Params'
mkdir /Library/Perl/5.18/darwin-thread-multi-2level/Params: Permission denied at /System/Library/Perl/5.18/ExtUtils/Install.pm line 469.

!!!!!!!!!!!!!!!!!!!!!!!!!!!!!!!!!!!!!!!!!!!!!!!!!!!!!!!!!!!!!!!!!!!!!!!!
 at -e line 1.
make: *** [pure_site_install] Error 13
  ADAMK/Params-Util-1.07.tar.gz
  /usr/bin/make install  -- NOT OK
  CPAN: Recompiling A/AG/AGROLMS/GSSAPI-0.28.tar.gz

Running make for A/AG/AGROLMS/GSSAPI-0.28.tar.gz
Fetching with LWP:
http://cpan.mirror.nac.net/authors/id/A/AG/AGROLMS/GSSAPI-0.28.tar.gz
Warning (usually harmless): 'YAML' not installed, cannot parse '/Users/rebeccafiletti/.cpan/FTPstats.yml'

Warning (usually harmless): 'YAML' not installed, cannot parse '/Users/rebeccafiletti/.cpan/FTPstats.yml'

Fetching with LWP:
http://cpan.mirror.nac.net/authors/id/A/AG/AGROLMS/CHECKSUMS
Checksum for /Users/rebeccafiletti/.cpan/sources/authors/id/A/AG/AGROLMS/GSSAPI-0.28.tar.gz ok

  CPAN.pm: Building A/AG/AGROLMS/GSSAPI-0.28.tar.gz


 Welcome to GSSAPI.pm setup! 

 (Makefile.PL Version 0.03) 

 run "perl Makefile.PL --help" to see further installation options


----------------------------------------------------------
 Searching krb5-config command... 

 using krb5-config command '/usr/bin/krb5-config'.

----------------------------------------------------------
 using GSSAPI implementation 
 Kerberos 5 release 1.7-prerelease


----------------------------------------------------------
 Adding from your Perlinstallation ($Config{lddlflags}) to LDDLFLAGS

 -arch x86_64 -arch i386 -bundle -undefined dynamic_lookup -fstack-protector

----------------------------------------------------------
 Bypassing to LDDLFLAGS 

 -arch x86_64 -arch i386 -bundle -undefined dynamic_lookup -fstack-protector -dynamic -Wl,-search_paths_first

----------------------------------------------------------
 Using LIBS

 -lkrb5

----------------------------------------------------------
 Using INC includeconfiguration

 


----------------------------------------------------------
Checking if your kit is complete...
Looks good
Writing Makefile for GSSAPI
Writing MYMETA.yml and MYMETA.json
cp GSSAPI/Status.pm blib/lib/GSSAPI/Status.pm
cp GSSAPI/OID.pm blib/lib/GSSAPI/OID.pm
cp GSSAPI/OID/Set.pm blib/lib/GSSAPI/OID/Set.pm
cp GSSAPI.pm blib/lib/GSSAPI.pm
/usr/bin/perl /System/Library/Perl/5.18/ExtUtils/xsubpp  -typemap /System/Library/Perl/5.18/ExtUtils/typemap -typemap typemap  GSSAPI.xs > GSSAPI.xsc && mv GSSAPI.xsc GSSAPI.c
cc -c   -arch x86_64 -arch i386 -g -pipe -fno-common -DPERL_DARWIN -fno-strict-aliasing -fstack-protector -Os   -DVERSION=\"0.28\" -DXS_VERSION=\"0.28\"  "-I/System/Library/Perl/5.18/darwin-thread-multi-2level/CORE"   GSSAPI.c
Running Mkbootstrap for GSSAPI ()
chmod 644 GSSAPI.bs
rm -f blib/arch/auto/GSSAPI/GSSAPI.bundle
LD_RUN_PATH="/usr/lib" cc -mmacosx-version-min=10.11  -arch x86_64 -arch i386 -bundle -undefined dynamic_lookup -fstack-protector -dynamic -Wl,-search_paths_first GSSAPI.o  -o blib/arch/auto/GSSAPI/GSSAPI.bundle 	\
	   -lkrb5  	\
	  
chmod 755 blib/arch/auto/GSSAPI/GSSAPI.bundle
cp GSSAPI.bs blib/arch/auto/GSSAPI/GSSAPI.bs
chmod 644 blib/arch/auto/GSSAPI/GSSAPI.bs
Manifying blib/man3/GSSAPI::OID::Set.3pm
Manifying blib/man3/GSSAPI::OID.3pm
Manifying blib/man3/GSSAPI::Status.3pm
Manifying blib/man3/GSSAPI.3pm
  AGROLMS/GSSAPI-0.28.tar.gz
  /usr/bin/make -- OK
Running make test
PERL_DL_NONLAZY=1 /usr/bin/perl "-MExtUtils::Command::MM" "-e" "test_harness(0, 'blib/lib', 'blib/arch')" t/*.t
t/1constants.t ..... ok
t/2status.t ........ ok
t/checkoids.t ...... 
All 34 subtests passed 
t/importnames.t .... ok
t/indicatemechs.t .. ok
t/inquire_cred.t ... 
Dubious, test returned 1 (wstat 256, 0x100)
Failed 1/6 subtests 
t/pod.t ............ ok
t/test.t ........... 
Failed 1/13 subtests 
t/zbugfixes.t ...... ok

Test Summary Report
-------------------
t/checkoids.t    (Wstat: 6 Tests: 34 Failed: 0)
  Non-zero wait status: 6
t/inquire_cred.t (Wstat: 256 Tests: 6 Failed: 1)
  Failed test:  4
  Non-zero exit status: 1
t/test.t         (Wstat: 6 Tests: 13 Failed: 1)
  Failed test:  2
  Non-zero wait status: 6
Files=9, Tests=152,  2 wallclock secs ( 0.06 usr  0.02 sys +  0.48 cusr  0.12 csys =  0.68 CPU)
Result: FAIL
  AGROLMS/GSSAPI-0.28.tar.gz
  /usr/bin/make test -- NOT OK
//hint// to see the cpan-testers results for installing this module, try:
  reports AGROLMS/GSSAPI-0.28.tar.gz
Running make install
  make test had returned bad status, won't install without force
  CPAN: Recompiling A/AM/AMS/Storable-2.51.tar.gz

Running make for A/AM/AMS/Storable-2.51.tar.gz
Fetching with LWP:
http://cpan.mirror.nac.net/authors/id/A/AM/AMS/Storable-2.51.tar.gz
Warning (usually harmless): 'YAML' not installed, cannot parse '/Users/rebeccafiletti/.cpan/FTPstats.yml'

Warning (usually harmless): 'YAML' not installed, cannot parse '/Users/rebeccafiletti/.cpan/FTPstats.yml'

Fetching with LWP:
http://cpan.mirror.nac.net/authors/id/A/AM/AMS/CHECKSUMS
Checksum for /Users/rebeccafiletti/.cpan/sources/authors/id/A/AM/AMS/Storable-2.51.tar.gz ok

  CPAN.pm: Building A/AM/AMS/Storable-2.51.tar.gz

Checking if your kit is complete...
Looks good
Writing Makefile for Storable
Writing MYMETA.yml and MYMETA.json
cp Storable.pm blib/lib/Storable.pm
/usr/bin/perl /System/Library/Perl/5.18/ExtUtils/xsubpp  -typemap /System/Library/Perl/5.18/ExtUtils/typemap  Storable.xs > Storable.xsc && mv Storable.xsc Storable.c
cc -c   -arch x86_64 -arch i386 -g -pipe -fno-common -DPERL_DARWIN -fno-strict-aliasing -fstack-protector -Os   -DVERSION=\"2.51\" -DXS_VERSION=\"2.51\"  "-I/System/Library/Perl/5.18/darwin-thread-multi-2level/CORE"   Storable.c
Running Mkbootstrap for Storable ()
chmod 644 Storable.bs
rm -f blib/arch/auto/Storable/Storable.bundle
cc -mmacosx-version-min=10.11  -arch x86_64 -arch i386 -bundle -undefined dynamic_lookup -fstack-protector Storable.o  -o blib/arch/auto/Storable/Storable.bundle 	\
	     	\
	  
chmod 755 blib/arch/auto/Storable/Storable.bundle
cp Storable.bs blib/arch/auto/Storable/Storable.bs
chmod 644 blib/arch/auto/Storable/Storable.bs
Manifying blib/man3/Storable.3pm
  AMS/Storable-2.51.tar.gz
  /usr/bin/make -- OK
Running make test
PERL_DL_NONLAZY=1 /usr/bin/perl "-MExtUtils::Command::MM" "-e" "test_harness(0, 'blib/lib', 'blib/arch')" t/*.t
t/attach_errors.t ..... ok
t/attach_singleton.t .. ok
t/blessed.t ........... ok
t/canonical.t ......... ok
t/circular_hook.t ..... ok
t/code.t .............. ok
t/compat01.t .......... skipped: Test only works for 32 bit little-ending machines
t/compat06.t .......... ok
t/croak.t ............. ok
t/dclone.t ............ ok
t/destroy.t ........... ok
t/downgrade.t ......... ok
t/file_magic.t ........ ok
t/forgive.t ........... ok
t/freeze.t ............ ok
t/integer.t ........... ok
t/interwork56.t ....... skipped: Your IVs are no larger than your longs
t/just_plain_nasty.t .. ok
t/lock.t .............. ok
t/malice.t ............ ok
t/overload.t .......... ok
t/recurse.t ........... ok
t/restrict.t .......... ok
t/retrieve.t .......... ok
t/robust.t ............ ok
t/sig_die.t ........... ok
t/store.t ............. ok
t/threads.t ........... ok
t/tied.t .............. ok
t/tied_hook.t ......... ok
t/tied_items.t ........ ok
t/utf8.t .............. ok
t/utf8hash.t .......... ok
t/weak.t .............. ok
All tests successful.
Files=34, Tests=2584,  2 wallclock secs ( 0.38 usr  0.09 sys +  1.56 cusr  0.31 csys =  2.34 CPU)
Result: PASS
  AMS/Storable-2.51.tar.gz
  /usr/bin/make test -- OK
Running make install
Files found in blib/arch: installing files in blib/lib into architecture dependent library tree
!!!!!!!!!!!!!!!!!!!!!!!!!!!!!!!!!!!!!!!!!!!!!!!!!!!!!!!!!!!!!!!!!!!!!!!!
ERROR: Can't create '/Library/Perl/5.18/darwin-thread-multi-2level'
Do not have write permissions on '/Library/Perl/5.18/darwin-thread-multi-2level'
!!!!!!!!!!!!!!!!!!!!!!!!!!!!!!!!!!!!!!!!!!!!!!!!!!!!!!!!!!!!!!!!!!!!!!!!
 at -e line 1.
make: *** [pure_site_install] Error 13
  AMS/Storable-2.51.tar.gz
  /usr/bin/make install  -- NOT OK
----
  You may have to su to root to install the package
  (Or you may want to run something like
    o conf make_install_make_command 'sudo make'
  to raise your permissions.  CPAN: Recompiling C/CH/CHOCOLATE/autobox-2.83.tar.gz

Running make for C/CH/CHOCOLATE/autobox-2.83.tar.gz
Fetching with LWP:
http://cpan.mirror.nac.net/authors/id/C/CH/CHOCOLATE/autobox-2.83.tar.gz
Warning (usually harmless): 'YAML' not installed, cannot parse '/Users/rebeccafiletti/.cpan/FTPstats.yml'

Warning (usually harmless): 'YAML' not installed, cannot parse '/Users/rebeccafiletti/.cpan/FTPstats.yml'

Fetching with LWP:
http://cpan.mirror.nac.net/authors/id/C/CH/CHOCOLATE/CHECKSUMS
Checksum for /Users/rebeccafiletti/.cpan/sources/authors/id/C/CH/CHOCOLATE/autobox-2.83.tar.gz ok

  CPAN.pm: Building C/CH/CHOCOLATE/autobox-2.83.tar.gz

Checking if your kit is complete...
Looks good
Writing Makefile for autobox
Writing MYMETA.yml and MYMETA.json
cp lib/autobox/universal.pm blib/lib/autobox/universal.pm
cp lib/autobox.pm blib/lib/autobox.pm
cp lib/autobox.pod blib/lib/autobox.pod
/usr/bin/perl /System/Library/Perl/5.18/ExtUtils/xsubpp  -typemap /System/Library/Perl/5.18/ExtUtils/typemap  autobox.xs > autobox.xsc && mv autobox.xsc autobox.c
cc -c  -I. -arch x86_64 -arch i386 -g -pipe -fno-common -DPERL_DARWIN -fno-strict-aliasing -fstack-protector -O3 -Wall   -DVERSION=\"2.83\" -DXS_VERSION=\"2.83\"  "-I/System/Library/Perl/5.18/darwin-thread-multi-2level/CORE"   autobox.c
Running Mkbootstrap for autobox ()
chmod 644 autobox.bs
rm -f blib/arch/auto/autobox/autobox.bundle
cc -mmacosx-version-min=10.11  -arch x86_64 -arch i386 -bundle -undefined dynamic_lookup -fstack-protector autobox.o  -o blib/arch/auto/autobox/autobox.bundle 	\
	     	\
	  
chmod 755 blib/arch/auto/autobox/autobox.bundle
cp autobox.bs blib/arch/auto/autobox/autobox.bs
chmod 644 blib/arch/auto/autobox/autobox.bs
Manifying blib/man3/autobox.3pm
  CHOCOLATE/autobox-2.83.tar.gz
  /usr/bin/make -- OK
Running make test
PERL_DL_NONLAZY=1 /usr/bin/perl "-MExtUtils::Command::MM" "-e" "test_harness(0, 'blib/lib', 'blib/arch')" t/*.t
t/all.t ............. ok
t/autoref.t ......... ok
t/coderef.t ......... ok
t/default.t ......... ok
t/export.t .......... ok
t/hints.t ........... ok
t/import_hashref.t .. ok
t/isa.t ............. ok
t/merge.t ........... ok
t/name.t ............ ok
t/rt_46814.t ........ ok
t/rt_55652.t ........ ok
t/rt_71777.t ........ ok
t/rt_80400.t ........ ok
t/scalar.t .......... ok
t/type.t ............ ok
t/universal_type.t .. ok
t/unmerge.t ......... ok
t/version.t ......... ok
All tests successful.
Files=19, Tests=640,  1 wallclock secs ( 0.14 usr  0.04 sys +  0.70 cusr  0.16 csys =  1.04 CPU)
Result: PASS
  CHOCOLATE/autobox-2.83.tar.gz
  /usr/bin/make test -- OK
Running make install
Files found in blib/arch: installing files in blib/lib into architecture dependent library tree
!!!!!!!!!!!!!!!!!!!!!!!!!!!!!!!!!!!!!!!!!!!!!!!!!!!!!!!!!!!!!!!!!!!!!!!!
ERROR: Can't create '/Library/Perl/5.18/darwin-thread-multi-2level'
Do not have write permissions on '/Library/Perl/5.18/darwin-thread-multi-2level'
!!!!!!!!!!!!!!!!!!!!!!!!!!!!!!!!!!!!!!!!!!!!!!!!!!!!!!!!!!!!!!!!!!!!!!!!
 at -e line 1.
make: *** [pure_site_install] Error 13
  CHOCOLATE/autobox-2.83.tar.gz
  /usr/bin/make install  -- NOT OK
----
  You may have to su to root to install the package
  (Or you may want to run something like
    o conf make_install_make_command 'sudo make'
  to raise your permissions.  CPAN: Recompiling C/CN/CNANDOR/Mac-Carbon-0.82.tar.gz

Running make for C/CN/CNANDOR/Mac-Carbon-0.82.tar.gz
Fetching with LWP:
http://cpan.mirror.nac.net/authors/id/C/CN/CNANDOR/Mac-Carbon-0.82.tar.gz
Warning (usually harmless): 'YAML' not installed, cannot parse '/Users/rebeccafiletti/.cpan/FTPstats.yml'

Warning (usually harmless): 'YAML' not installed, cannot parse '/Users/rebeccafiletti/.cpan/FTPstats.yml'

Fetching with LWP:
http://cpan.mirror.nac.net/authors/id/C/CN/CNANDOR/CHECKSUMS
Checksum for /Users/rebeccafiletti/.cpan/sources/authors/id/C/CN/CNANDOR/Mac-Carbon-0.82.tar.gz ok

  CPAN.pm: Building C/CN/CNANDOR/Mac-Carbon-0.82.tar.gz

*** 64-BIT WARNING ***  *** 64-BIT WARNING ***  *** 64-BIT WARNING ***
Mac-Carbon does not run under 64-bit perl, and it appears you're running
a 64-bit perl.  We can try to compile anyway, in case this is a fat binary;
we'll try to leave out the 64-bit compilation.

If you want to use these modules, it must be in 32-bit mode.  For more
information, see:

    http://use.perl.org/~pudge/journal/39596

Checking if your kit is complete...
Looks good
Writing Makefile for Mac::AppleEvents
Writing MYMETA.yml and MYMETA.json
Writing Makefile for Mac::Components
Writing MYMETA.yml and MYMETA.json
Writing Makefile for Mac::Files
Writing MYMETA.yml and MYMETA.json
Writing Makefile for Mac::Gestalt
Writing MYMETA.yml and MYMETA.json
Writing Makefile for Mac::InternetConfig
Writing MYMETA.yml and MYMETA.json
Writing Makefile for MacPerl
Writing MYMETA.yml and MYMETA.json
Writing Makefile for Mac::Memory
Writing MYMETA.yml and MYMETA.json
Writing Makefile for Mac::MoreFiles
Writing MYMETA.yml and MYMETA.json
Writing Makefile for Mac::Notification
Writing MYMETA.yml and MYMETA.json
Writing Makefile for Mac::OSA
Writing MYMETA.yml and MYMETA.json
Writing Makefile for Mac::Processes
Writing MYMETA.yml and MYMETA.json
Writing Makefile for Mac::Resources
Writing MYMETA.yml and MYMETA.json
Writing Makefile for Mac::Sound
Writing MYMETA.yml and MYMETA.json
Writing Makefile for Mac::Speech
Writing MYMETA.yml and MYMETA.json
Writing Makefile for Mac::Types
Writing MYMETA.yml and MYMETA.json
Writing Makefile for Mac::Carbon
Writing MYMETA.yml and MYMETA.json
cp Carbon.pm blib/lib/Mac/Carbon.pm
cp AppleEvents.pm ../blib/lib/Mac/AppleEvents.pm
cp AppleEvents.pod ../blib/lib/Mac/AppleEvents.pod
/usr/bin/perl ../xsubpps/xsubpp-5.8.0 -noprototypes -typemap /System/Library/Perl/5.18/ExtUtils/typemap  AppleEvents.xs > AppleEvents.xsc && mv AppleEvents.xsc AppleEvents.c
cc -c  -I/Developer/Headers/FlatCarbon/ -arch i386 -g -pipe -fno-common -DPERL_DARWIN -fno-strict-aliasing -fstack-protector -fpascal-strings -Os   -DVERSION=\"1.32\" -DXS_VERSION=\"1.32\"  "-I/System/Library/Perl/5.18/darwin-thread-multi-2level/CORE"   AppleEvents.c
  CNANDOR/Mac-Carbon-0.82.tar.gz
  /usr/bin/make -- NOT OK
Running make test
  Can't test without successful make
Running make install
  Make had returned bad status, install seems impossible
  CPAN: Recompiling D/DA/DANKOGAI/Encode-2.84.tar.gz

Running make for D/DA/DANKOGAI/Encode-2.84.tar.gz
Fetching with LWP:
http://cpan.mirror.nac.net/authors/id/D/DA/DANKOGAI/Encode-2.84.tar.gz
Warning (usually harmless): 'YAML' not installed, cannot parse '/Users/rebeccafiletti/.cpan/FTPstats.yml'

Warning (usually harmless): 'YAML' not installed, cannot parse '/Users/rebeccafiletti/.cpan/FTPstats.yml'

Fetching with LWP:
http://cpan.mirror.nac.net/authors/id/D/DA/DANKOGAI/CHECKSUMS
Checksum for /Users/rebeccafiletti/.cpan/sources/authors/id/D/DA/DANKOGAI/Encode-2.84.tar.gz ok

  CPAN.pm: Building D/DA/DANKOGAI/Encode-2.84.tar.gz

Checking if your kit is complete...
Looks good
Writing Makefile for Encode::Byte
Writing MYMETA.yml and MYMETA.json
Writing Makefile for Encode::CN
Writing MYMETA.yml and MYMETA.json
Writing Makefile for Encode::EBCDIC
Writing MYMETA.yml and MYMETA.json
Writing Makefile for Encode::JP
Writing MYMETA.yml and MYMETA.json
Writing Makefile for Encode::KR
Writing MYMETA.yml and MYMETA.json
Writing Makefile for Encode::Symbol
Writing MYMETA.yml and MYMETA.json
Writing Makefile for Encode::TW
Writing MYMETA.yml and MYMETA.json
Writing Makefile for Encode::Unicode
Writing MYMETA.yml and MYMETA.json
Writing Makefile for Encode
Writing MYMETA.yml and MYMETA.json
cp lib/Encode/CN/HZ.pm blib/lib/Encode/CN/HZ.pm
cp lib/Encode/MIME/Name.pm blib/lib/Encode/MIME/Name.pm
cp lib/Encode/KR/2022_KR.pm blib/lib/Encode/KR/2022_KR.pm
cp lib/Encode/Config.pm blib/lib/Encode/Config.pm
cp lib/Encode/CJKConstants.pm blib/lib/Encode/CJKConstants.pm
cp lib/Encode/Encoding.pm blib/lib/Encode/Encoding.pm
cp Encode/_PM.e2x blib/lib/Encode/_PM.e2x
cp lib/Encode/MIME/Header/ISO_2022_JP.pm blib/lib/Encode/MIME/Header/ISO_2022_JP.pm
cp lib/Encode/MIME/Header.pm blib/lib/Encode/MIME/Header.pm
cp lib/Encode/Encoder.pm blib/lib/Encode/Encoder.pm
cp Encode/_T.e2x blib/lib/Encode/_T.e2x
cp lib/Encode/PerlIO.pod blib/lib/Encode/PerlIO.pod
cp Encode/README.e2x blib/lib/Encode/README.e2x
cp Encode/Makefile_PL.e2x blib/lib/Encode/Makefile_PL.e2x
cp Encode.pm blib/lib/Encode.pm
cp lib/Encode/Unicode/UTF7.pm blib/lib/Encode/Unicode/UTF7.pm
cp Encode/encode.h blib/lib/Encode/encode.h
cp lib/Encode/JP/H2Z.pm blib/lib/Encode/JP/H2Z.pm
cp lib/Encode/JP/JIS7.pm blib/lib/Encode/JP/JIS7.pm
cp lib/Encode/Supported.pod blib/lib/Encode/Supported.pod
cp lib/Encode/Guess.pm blib/lib/Encode/Guess.pm
cp lib/Encode/Alias.pm blib/lib/Encode/Alias.pm
cp Encode/ConfigLocal_PM.e2x blib/lib/Encode/ConfigLocal_PM.e2x
cp lib/Encode/GSM0338.pm blib/lib/Encode/GSM0338.pm
cp encoding.pm blib/lib/encoding.pm
cp Encode/Changes.e2x blib/lib/Encode/Changes.e2x
cp Byte.pm ../blib/lib/Encode/Byte.pm
/usr/bin/perl  ../bin/enc2xs -"Q" -"O" -o byte_t.c -f byte_t.fnm
Reading iso-8859-2 (iso-8859-2)
Reading iso-8859-3 (iso-8859-3)
Reading iso-8859-4 (iso-8859-4)
Reading iso-8859-5 (iso-8859-5)
Reading iso-8859-6 (iso-8859-6)
Reading iso-8859-7 (iso-8859-7)
Reading iso-8859-8 (iso-8859-8)
Reading iso-8859-9 (iso-8859-9)
Reading iso-8859-10 (iso-8859-10)
Reading iso-8859-11 (iso-8859-11)
Reading iso-8859-13 (iso-8859-13)
Reading iso-8859-14 (iso-8859-14)
Reading iso-8859-15 (iso-8859-15)
Reading iso-8859-16 (iso-8859-16)
Reading AdobeStandardEncoding (AdobeStandardEncoding)
Reading cp1006 (cp1006)
Reading cp1250 (cp1250)
Reading cp1251 (cp1251)
Reading cp1252 (cp1252)
Reading cp1253 (cp1253)
Reading cp1254 (cp1254)
Reading cp1255 (cp1255)
Reading cp1256 (cp1256)
Reading cp1257 (cp1257)
Reading cp1258 (cp1258)
Reading cp424 (cp424)
Reading cp437 (cp437)
Reading cp737 (cp737)
Reading cp775 (cp775)
Reading cp850 (cp850)
Reading cp852 (cp852)
Reading cp855 (cp855)
Reading cp856 (cp856)
Reading cp857 (cp857)
Reading cp858 (cp858)
Reading cp860 (cp860)
Reading cp861 (cp861)
Reading cp862 (cp862)
Reading cp863 (cp863)
Reading cp864 (cp864)
Reading cp865 (cp865)
Reading cp866 (cp866)
Reading cp869 (cp869)
Reading cp874 (cp874)
Reading hp-roman8 (hp-roman8)
Reading koi8-f (koi8-f)
Reading koi8-r (koi8-r)
Reading koi8-u (koi8-u)
Reading MacArabic (MacArabic)
Reading MacCentralEurRoman (MacCentralEurRoman)
Reading MacCroatian (MacCroatian)
Reading MacCyrillic (MacCyrillic)
Reading MacFarsi (MacFarsi)
Reading MacGreek (MacGreek)
Reading MacHebrew (MacHebrew)
Reading MacIcelandic (MacIcelandic)
Reading MacRomanian (MacRomanian)
Reading MacRumanian (MacRumanian)
Reading MacRoman (MacRoman)
Reading MacSami (MacSami)
Reading MacThai (MacThai)
Reading MacTurkish (MacTurkish)
Reading MacUkrainian (MacUkrainian)
Reading nextstep (nextstep)
Reading viscii (viscii)
/usr/bin/perl /System/Library/Perl/5.18/ExtUtils/xsubpp  -nolinenumbers -typemap /System/Library/Perl/5.18/ExtUtils/typemap  Byte.xs > Byte.xsc && mv Byte.xsc Byte.c
cc -c  -I../Encode -arch x86_64 -arch i386 -g -pipe -fno-common -DPERL_DARWIN -fno-strict-aliasing -fstack-protector -Os   -DVERSION=\"2.04\" -DXS_VERSION=\"2.04\"  "-I/System/Library/Perl/5.18/darwin-thread-multi-2level/CORE"   Byte.c
cc -c  -I../Encode -arch x86_64 -arch i386 -g -pipe -fno-common -DPERL_DARWIN -fno-strict-aliasing -fstack-protector -Os   -DVERSION=\"2.04\" -DXS_VERSION=\"2.04\"  "-I/System/Library/Perl/5.18/darwin-thread-multi-2level/CORE"   byte_t.c
Running Mkbootstrap for Encode::Byte ()
chmod 644 Byte.bs
rm -f ../blib/arch/auto/Encode/Byte/Byte.bundle
cc -mmacosx-version-min=10.11  -arch x86_64 -arch i386 -bundle -undefined dynamic_lookup -fstack-protector Byte.o byte_t.o  -o ../blib/arch/auto/Encode/Byte/Byte.bundle 	\
	     	\
	  
chmod 755 ../blib/arch/auto/Encode/Byte/Byte.bundle
cp Byte.bs ../blib/arch/auto/Encode/Byte/Byte.bs
chmod 644 ../blib/arch/auto/Encode/Byte/Byte.bs
cp CN.pm ../blib/lib/Encode/CN.pm
/usr/bin/perl  ../bin/enc2xs -"Q" -o cp_00_t.c -f cp_00_t.fnm
Reading cp936 (cp936)
/usr/bin/perl  ../bin/enc2xs -"Q" -o eu_01_t.c -f eu_01_t.fnm
Reading euc-cn (euc-cn)
/usr/bin/perl  ../bin/enc2xs -"Q" -o gb_02_t.c -f gb_02_t.fnm
Reading gb12345-raw (gb12345-raw)
/usr/bin/perl  ../bin/enc2xs -"Q" -o gb_03_t.c -f gb_03_t.fnm
Reading gb2312-raw (gb2312-raw)
/usr/bin/perl  ../bin/enc2xs -"Q" -o ir_04_t.c -f ir_04_t.fnm
Reading iso-ir-165 (iso-ir-165)
/usr/bin/perl  ../bin/enc2xs -"Q" -o ma_05_t.c -f ma_05_t.fnm
Reading MacChineseSimp (MacChineseSimp)
/usr/bin/perl /System/Library/Perl/5.18/ExtUtils/xsubpp -noprototypes -nolinenumbers -typemap /System/Library/Perl/5.18/ExtUtils/typemap  CN.xs > CN.xsc && mv CN.xsc CN.c
cc -c  -I../Encode -arch x86_64 -arch i386 -g -pipe -fno-common -DPERL_DARWIN -fno-strict-aliasing -fstack-protector -Os   -DVERSION=\"2.03\" -DXS_VERSION=\"2.03\"  "-I/System/Library/Perl/5.18/darwin-thread-multi-2level/CORE"   CN.c
cc -c  -I../Encode -arch x86_64 -arch i386 -g -pipe -fno-common -DPERL_DARWIN -fno-strict-aliasing -fstack-protector -Os   -DVERSION=\"2.03\" -DXS_VERSION=\"2.03\"  "-I/System/Library/Perl/5.18/darwin-thread-multi-2level/CORE"   cp_00_t.c
cc -c  -I../Encode -arch x86_64 -arch i386 -g -pipe -fno-common -DPERL_DARWIN -fno-strict-aliasing -fstack-protector -Os   -DVERSION=\"2.03\" -DXS_VERSION=\"2.03\"  "-I/System/Library/Perl/5.18/darwin-thread-multi-2level/CORE"   eu_01_t.c
cc -c  -I../Encode -arch x86_64 -arch i386 -g -pipe -fno-common -DPERL_DARWIN -fno-strict-aliasing -fstack-protector -Os   -DVERSION=\"2.03\" -DXS_VERSION=\"2.03\"  "-I/System/Library/Perl/5.18/darwin-thread-multi-2level/CORE"   gb_02_t.c
cc -c  -I../Encode -arch x86_64 -arch i386 -g -pipe -fno-common -DPERL_DARWIN -fno-strict-aliasing -fstack-protector -Os   -DVERSION=\"2.03\" -DXS_VERSION=\"2.03\"  "-I/System/Library/Perl/5.18/darwin-thread-multi-2level/CORE"   gb_03_t.c
cc -c  -I../Encode -arch x86_64 -arch i386 -g -pipe -fno-common -DPERL_DARWIN -fno-strict-aliasing -fstack-protector -Os   -DVERSION=\"2.03\" -DXS_VERSION=\"2.03\"  "-I/System/Library/Perl/5.18/darwin-thread-multi-2level/CORE"   ir_04_t.c
cc -c  -I../Encode -arch x86_64 -arch i386 -g -pipe -fno-common -DPERL_DARWIN -fno-strict-aliasing -fstack-protector -Os   -DVERSION=\"2.03\" -DXS_VERSION=\"2.03\"  "-I/System/Library/Perl/5.18/darwin-thread-multi-2level/CORE"   ma_05_t.c
Running Mkbootstrap for Encode::CN ()
chmod 644 CN.bs
rm -f ../blib/arch/auto/Encode/CN/CN.bundle
cc -mmacosx-version-min=10.11  -arch x86_64 -arch i386 -bundle -undefined dynamic_lookup -fstack-protector CN.o cp_00_t.o eu_01_t.o gb_02_t.o gb_03_t.o ir_04_t.o ma_05_t.o  -o ../blib/arch/auto/Encode/CN/CN.bundle 	\
	     	\
	  
chmod 755 ../blib/arch/auto/Encode/CN/CN.bundle
cp CN.bs ../blib/arch/auto/Encode/CN/CN.bs
chmod 644 ../blib/arch/auto/Encode/CN/CN.bs
cp EBCDIC.pm ../blib/lib/Encode/EBCDIC.pm
/usr/bin/perl  ../bin/enc2xs -"Q" -"O" -o ebcdic_t.c -f ebcdic_t.fnm
Reading cp37 (cp37)
Reading cp1026 (cp1026)
Reading cp1047 (cp1047)
Reading cp500 (cp500)
Reading cp875 (cp875)
Reading posix-bc (posix-bc)
/usr/bin/perl /System/Library/Perl/5.18/ExtUtils/xsubpp  -nolinenumbers -typemap /System/Library/Perl/5.18/ExtUtils/typemap  EBCDIC.xs > EBCDIC.xsc && mv EBCDIC.xsc EBCDIC.c
cc -c  -I../Encode -arch x86_64 -arch i386 -g -pipe -fno-common -DPERL_DARWIN -fno-strict-aliasing -fstack-protector -Os   -DVERSION=\"2.02\" -DXS_VERSION=\"2.02\"  "-I/System/Library/Perl/5.18/darwin-thread-multi-2level/CORE"   EBCDIC.c
cc -c  -I../Encode -arch x86_64 -arch i386 -g -pipe -fno-common -DPERL_DARWIN -fno-strict-aliasing -fstack-protector -Os   -DVERSION=\"2.02\" -DXS_VERSION=\"2.02\"  "-I/System/Library/Perl/5.18/darwin-thread-multi-2level/CORE"   ebcdic_t.c
Running Mkbootstrap for Encode::EBCDIC ()
chmod 644 EBCDIC.bs
rm -f ../blib/arch/auto/Encode/EBCDIC/EBCDIC.bundle
cc -mmacosx-version-min=10.11  -arch x86_64 -arch i386 -bundle -undefined dynamic_lookup -fstack-protector EBCDIC.o ebcdic_t.o  -o ../blib/arch/auto/Encode/EBCDIC/EBCDIC.bundle 	\
	     	\
	  
chmod 755 ../blib/arch/auto/Encode/EBCDIC/EBCDIC.bundle
cp EBCDIC.bs ../blib/arch/auto/Encode/EBCDIC/EBCDIC.bs
chmod 644 ../blib/arch/auto/Encode/EBCDIC/EBCDIC.bs
cp JP.pm ../blib/lib/Encode/JP.pm
/usr/bin/perl  ../bin/enc2xs -"Q" -o cp_00_t.c -f cp_00_t.fnm
Reading cp932 (cp932)
/usr/bin/perl  ../bin/enc2xs -"Q" -o eu_01_t.c -f eu_01_t.fnm
Reading euc-jp (euc-jp)
/usr/bin/perl  ../bin/enc2xs -"Q" -o ji_02_t.c -f ji_02_t.fnm
Reading jis0201-raw (jis0201-raw)
/usr/bin/perl  ../bin/enc2xs -"Q" -o ji_03_t.c -f ji_03_t.fnm
Reading jis0208-raw (jis0208-raw)
/usr/bin/perl  ../bin/enc2xs -"Q" -o ji_04_t.c -f ji_04_t.fnm
Reading jis0212-raw (jis0212-raw)
/usr/bin/perl  ../bin/enc2xs -"Q" -o ma_05_t.c -f ma_05_t.fnm
Reading MacJapanese (MacJapanese)
/usr/bin/perl  ../bin/enc2xs -"Q" -o sh_06_t.c -f sh_06_t.fnm
Reading shiftjis (shiftjis)
/usr/bin/perl /System/Library/Perl/5.18/ExtUtils/xsubpp  -nolinenumbers -typemap /System/Library/Perl/5.18/ExtUtils/typemap  JP.xs > JP.xsc && mv JP.xsc JP.c
cc -c  -I../Encode -arch x86_64 -arch i386 -g -pipe -fno-common -DPERL_DARWIN -fno-strict-aliasing -fstack-protector -Os   -DVERSION=\"2.04\" -DXS_VERSION=\"2.04\"  "-I/System/Library/Perl/5.18/darwin-thread-multi-2level/CORE"   JP.c
cc -c  -I../Encode -arch x86_64 -arch i386 -g -pipe -fno-common -DPERL_DARWIN -fno-strict-aliasing -fstack-protector -Os   -DVERSION=\"2.04\" -DXS_VERSION=\"2.04\"  "-I/System/Library/Perl/5.18/darwin-thread-multi-2level/CORE"   cp_00_t.c
cc -c  -I../Encode -arch x86_64 -arch i386 -g -pipe -fno-common -DPERL_DARWIN -fno-strict-aliasing -fstack-protector -Os   -DVERSION=\"2.04\" -DXS_VERSION=\"2.04\"  "-I/System/Library/Perl/5.18/darwin-thread-multi-2level/CORE"   eu_01_t.c
cc -c  -I../Encode -arch x86_64 -arch i386 -g -pipe -fno-common -DPERL_DARWIN -fno-strict-aliasing -fstack-protector -Os   -DVERSION=\"2.04\" -DXS_VERSION=\"2.04\"  "-I/System/Library/Perl/5.18/darwin-thread-multi-2level/CORE"   ji_02_t.c
cc -c  -I../Encode -arch x86_64 -arch i386 -g -pipe -fno-common -DPERL_DARWIN -fno-strict-aliasing -fstack-protector -Os   -DVERSION=\"2.04\" -DXS_VERSION=\"2.04\"  "-I/System/Library/Perl/5.18/darwin-thread-multi-2level/CORE"   ji_03_t.c
cc -c  -I../Encode -arch x86_64 -arch i386 -g -pipe -fno-common -DPERL_DARWIN -fno-strict-aliasing -fstack-protector -Os   -DVERSION=\"2.04\" -DXS_VERSION=\"2.04\"  "-I/System/Library/Perl/5.18/darwin-thread-multi-2level/CORE"   ji_04_t.c
cc -c  -I../Encode -arch x86_64 -arch i386 -g -pipe -fno-common -DPERL_DARWIN -fno-strict-aliasing -fstack-protector -Os   -DVERSION=\"2.04\" -DXS_VERSION=\"2.04\"  "-I/System/Library/Perl/5.18/darwin-thread-multi-2level/CORE"   ma_05_t.c
cc -c  -I../Encode -arch x86_64 -arch i386 -g -pipe -fno-common -DPERL_DARWIN -fno-strict-aliasing -fstack-protector -Os   -DVERSION=\"2.04\" -DXS_VERSION=\"2.04\"  "-I/System/Library/Perl/5.18/darwin-thread-multi-2level/CORE"   sh_06_t.c
Running Mkbootstrap for Encode::JP ()
chmod 644 JP.bs
rm -f ../blib/arch/auto/Encode/JP/JP.bundle
cc -mmacosx-version-min=10.11  -arch x86_64 -arch i386 -bundle -undefined dynamic_lookup -fstack-protector JP.o cp_00_t.o eu_01_t.o ji_02_t.o ji_03_t.o ji_04_t.o ma_05_t.o sh_06_t.o  -o ../blib/arch/auto/Encode/JP/JP.bundle 	\
	     	\
	  
chmod 755 ../blib/arch/auto/Encode/JP/JP.bundle
cp JP.bs ../blib/arch/auto/Encode/JP/JP.bs
chmod 644 ../blib/arch/auto/Encode/JP/JP.bs
cp KR.pm ../blib/lib/Encode/KR.pm
/usr/bin/perl  ../bin/enc2xs -"Q" -o cp_00_t.c -f cp_00_t.fnm
Reading cp949 (cp949)
/usr/bin/perl  ../bin/enc2xs -"Q" -o eu_01_t.c -f eu_01_t.fnm
Reading euc-kr (euc-kr)
/usr/bin/perl  ../bin/enc2xs -"Q" -o jo_02_t.c -f jo_02_t.fnm
Reading johab (johab)
/usr/bin/perl  ../bin/enc2xs -"Q" -o ks_03_t.c -f ks_03_t.fnm
Reading ksc5601-raw (ksc5601-raw)
/usr/bin/perl  ../bin/enc2xs -"Q" -o ma_04_t.c -f ma_04_t.fnm
Reading MacKorean (MacKorean)
/usr/bin/perl /System/Library/Perl/5.18/ExtUtils/xsubpp  -nolinenumbers -typemap /System/Library/Perl/5.18/ExtUtils/typemap  KR.xs > KR.xsc && mv KR.xsc KR.c
cc -c  -I../Encode -arch x86_64 -arch i386 -g -pipe -fno-common -DPERL_DARWIN -fno-strict-aliasing -fstack-protector -Os   -DVERSION=\"2.03\" -DXS_VERSION=\"2.03\"  "-I/System/Library/Perl/5.18/darwin-thread-multi-2level/CORE"   KR.c
cc -c  -I../Encode -arch x86_64 -arch i386 -g -pipe -fno-common -DPERL_DARWIN -fno-strict-aliasing -fstack-protector -Os   -DVERSION=\"2.03\" -DXS_VERSION=\"2.03\"  "-I/System/Library/Perl/5.18/darwin-thread-multi-2level/CORE"   cp_00_t.c
cc -c  -I../Encode -arch x86_64 -arch i386 -g -pipe -fno-common -DPERL_DARWIN -fno-strict-aliasing -fstack-protector -Os   -DVERSION=\"2.03\" -DXS_VERSION=\"2.03\"  "-I/System/Library/Perl/5.18/darwin-thread-multi-2level/CORE"   eu_01_t.c
cc -c  -I../Encode -arch x86_64 -arch i386 -g -pipe -fno-common -DPERL_DARWIN -fno-strict-aliasing -fstack-protector -Os   -DVERSION=\"2.03\" -DXS_VERSION=\"2.03\"  "-I/System/Library/Perl/5.18/darwin-thread-multi-2level/CORE"   jo_02_t.c
cc -c  -I../Encode -arch x86_64 -arch i386 -g -pipe -fno-common -DPERL_DARWIN -fno-strict-aliasing -fstack-protector -Os   -DVERSION=\"2.03\" -DXS_VERSION=\"2.03\"  "-I/System/Library/Perl/5.18/darwin-thread-multi-2level/CORE"   ks_03_t.c
cc -c  -I../Encode -arch x86_64 -arch i386 -g -pipe -fno-common -DPERL_DARWIN -fno-strict-aliasing -fstack-protector -Os   -DVERSION=\"2.03\" -DXS_VERSION=\"2.03\"  "-I/System/Library/Perl/5.18/darwin-thread-multi-2level/CORE"   ma_04_t.c
Running Mkbootstrap for Encode::KR ()
chmod 644 KR.bs
rm -f ../blib/arch/auto/Encode/KR/KR.bundle
cc -mmacosx-version-min=10.11  -arch x86_64 -arch i386 -bundle -undefined dynamic_lookup -fstack-protector KR.o cp_00_t.o eu_01_t.o jo_02_t.o ks_03_t.o ma_04_t.o  -o ../blib/arch/auto/Encode/KR/KR.bundle 	\
	     	\
	  
chmod 755 ../blib/arch/auto/Encode/KR/KR.bundle
cp KR.bs ../blib/arch/auto/Encode/KR/KR.bs
chmod 644 ../blib/arch/auto/Encode/KR/KR.bs
cp Symbol.pm ../blib/lib/Encode/Symbol.pm
/usr/bin/perl  ../bin/enc2xs -"Q" -"O" -o symbol_t.c -f symbol_t.fnm
Reading AdobeSymbol (AdobeSymbol)
Reading AdobeZdingbat (AdobeZdingbat)
Reading dingbats (dingbats)
Reading MacDingbats (MacDingbats)
Reading MacSymbol (MacSymbol)
Reading symbol (symbol)
/usr/bin/perl /System/Library/Perl/5.18/ExtUtils/xsubpp  -nolinenumbers -typemap /System/Library/Perl/5.18/ExtUtils/typemap  Symbol.xs > Symbol.xsc && mv Symbol.xsc Symbol.c
cc -c  -I../Encode -arch x86_64 -arch i386 -g -pipe -fno-common -DPERL_DARWIN -fno-strict-aliasing -fstack-protector -Os   -DVERSION=\"2.02\" -DXS_VERSION=\"2.02\"  "-I/System/Library/Perl/5.18/darwin-thread-multi-2level/CORE"   Symbol.c
cc -c  -I../Encode -arch x86_64 -arch i386 -g -pipe -fno-common -DPERL_DARWIN -fno-strict-aliasing -fstack-protector -Os   -DVERSION=\"2.02\" -DXS_VERSION=\"2.02\"  "-I/System/Library/Perl/5.18/darwin-thread-multi-2level/CORE"   symbol_t.c
Running Mkbootstrap for Encode::Symbol ()
chmod 644 Symbol.bs
rm -f ../blib/arch/auto/Encode/Symbol/Symbol.bundle
cc -mmacosx-version-min=10.11  -arch x86_64 -arch i386 -bundle -undefined dynamic_lookup -fstack-protector Symbol.o symbol_t.o  -o ../blib/arch/auto/Encode/Symbol/Symbol.bundle 	\
	     	\
	  
chmod 755 ../blib/arch/auto/Encode/Symbol/Symbol.bundle
cp Symbol.bs ../blib/arch/auto/Encode/Symbol/Symbol.bs
chmod 644 ../blib/arch/auto/Encode/Symbol/Symbol.bs
cp TW.pm ../blib/lib/Encode/TW.pm
/usr/bin/perl  ../bin/enc2xs -"Q" -o bi_00_t.c -f bi_00_t.fnm
Reading big5-eten (big5-eten)
/usr/bin/perl  ../bin/enc2xs -"Q" -o bi_01_t.c -f bi_01_t.fnm
Reading big5-hkscs (big5-hkscs)
/usr/bin/perl  ../bin/enc2xs -"Q" -o cp_02_t.c -f cp_02_t.fnm
Reading cp950 (cp950)
/usr/bin/perl  ../bin/enc2xs -"Q" -o ma_03_t.c -f ma_03_t.fnm
Reading MacChineseTrad (MacChineseTrad)
/usr/bin/perl /System/Library/Perl/5.18/ExtUtils/xsubpp  -nolinenumbers -typemap /System/Library/Perl/5.18/ExtUtils/typemap  TW.xs > TW.xsc && mv TW.xsc TW.c
cc -c  -I../Encode -arch x86_64 -arch i386 -g -pipe -fno-common -DPERL_DARWIN -fno-strict-aliasing -fstack-protector -Os   -DVERSION=\"2.03\" -DXS_VERSION=\"2.03\"  "-I/System/Library/Perl/5.18/darwin-thread-multi-2level/CORE"   TW.c
cc -c  -I../Encode -arch x86_64 -arch i386 -g -pipe -fno-common -DPERL_DARWIN -fno-strict-aliasing -fstack-protector -Os   -DVERSION=\"2.03\" -DXS_VERSION=\"2.03\"  "-I/System/Library/Perl/5.18/darwin-thread-multi-2level/CORE"   bi_00_t.c
cc -c  -I../Encode -arch x86_64 -arch i386 -g -pipe -fno-common -DPERL_DARWIN -fno-strict-aliasing -fstack-protector -Os   -DVERSION=\"2.03\" -DXS_VERSION=\"2.03\"  "-I/System/Library/Perl/5.18/darwin-thread-multi-2level/CORE"   bi_01_t.c
cc -c  -I../Encode -arch x86_64 -arch i386 -g -pipe -fno-common -DPERL_DARWIN -fno-strict-aliasing -fstack-protector -Os   -DVERSION=\"2.03\" -DXS_VERSION=\"2.03\"  "-I/System/Library/Perl/5.18/darwin-thread-multi-2level/CORE"   cp_02_t.c
cc -c  -I../Encode -arch x86_64 -arch i386 -g -pipe -fno-common -DPERL_DARWIN -fno-strict-aliasing -fstack-protector -Os   -DVERSION=\"2.03\" -DXS_VERSION=\"2.03\"  "-I/System/Library/Perl/5.18/darwin-thread-multi-2level/CORE"   ma_03_t.c
Running Mkbootstrap for Encode::TW ()
chmod 644 TW.bs
rm -f ../blib/arch/auto/Encode/TW/TW.bundle
cc -mmacosx-version-min=10.11  -arch x86_64 -arch i386 -bundle -undefined dynamic_lookup -fstack-protector TW.o bi_00_t.o bi_01_t.o cp_02_t.o ma_03_t.o  -o ../blib/arch/auto/Encode/TW/TW.bundle 	\
	     	\
	  
chmod 755 ../blib/arch/auto/Encode/TW/TW.bundle
cp TW.bs ../blib/arch/auto/Encode/TW/TW.bs
chmod 644 ../blib/arch/auto/Encode/TW/TW.bs
cp Unicode.pm ../blib/lib/Encode/Unicode.pm
/usr/bin/perl /System/Library/Perl/5.18/ExtUtils/xsubpp  -typemap /System/Library/Perl/5.18/ExtUtils/typemap  Unicode.xs > Unicode.xsc && mv Unicode.xsc Unicode.c
cc -c  -I../Encode -arch x86_64 -arch i386 -g -pipe -fno-common -DPERL_DARWIN -fno-strict-aliasing -fstack-protector -Os   -DVERSION=\"2.15\" -DXS_VERSION=\"2.15\"  "-I/System/Library/Perl/5.18/darwin-thread-multi-2level/CORE"   Unicode.c
Running Mkbootstrap for Encode::Unicode ()
chmod 644 Unicode.bs
rm -f ../blib/arch/auto/Encode/Unicode/Unicode.bundle
cc -mmacosx-version-min=10.11  -arch x86_64 -arch i386 -bundle -undefined dynamic_lookup -fstack-protector Unicode.o  -o ../blib/arch/auto/Encode/Unicode/Unicode.bundle 	\
	     	\
	  
chmod 755 ../blib/arch/auto/Encode/Unicode/Unicode.bundle
cp Unicode.bs ../blib/arch/auto/Encode/Unicode/Unicode.bs
chmod 644 ../blib/arch/auto/Encode/Unicode/Unicode.bs
/usr/bin/perl /System/Library/Perl/5.18/ExtUtils/xsubpp  -typemap /System/Library/Perl/5.18/ExtUtils/typemap  Encode.xs > Encode.xsc && mv Encode.xsc Encode.c
/usr/bin/perl  bin/enc2xs -"Q" -"O" -o def_t.c -f def_t.fnm
Reading iso-8859-1 (iso-8859-1)
Reading ascii (ascii)
Reading cp1252 (cp1252)
Reading ascii-ctrl (ascii-ctrl)
Reading null (null)
cc -c  -I./Encode -arch x86_64 -arch i386 -g -pipe -fno-common -DPERL_DARWIN -fno-strict-aliasing -fstack-protector -Os   -DVERSION=\"2.84\" -DXS_VERSION=\"2.84\"  "-I/System/Library/Perl/5.18/darwin-thread-multi-2level/CORE"   Encode.c
cc -c  -I./Encode -arch x86_64 -arch i386 -g -pipe -fno-common -DPERL_DARWIN -fno-strict-aliasing -fstack-protector -Os   -DVERSION=\"2.84\" -DXS_VERSION=\"2.84\"  "-I/System/Library/Perl/5.18/darwin-thread-multi-2level/CORE"   def_t.c
cc -c  -I./Encode -arch x86_64 -arch i386 -g -pipe -fno-common -DPERL_DARWIN -fno-strict-aliasing -fstack-protector -Os   -DVERSION=\"2.84\" -DXS_VERSION=\"2.84\"  "-I/System/Library/Perl/5.18/darwin-thread-multi-2level/CORE"   encengine.c
Running Mkbootstrap for Encode ()
chmod 644 Encode.bs
rm -f blib/arch/auto/Encode/Encode.bundle
cc -mmacosx-version-min=10.11  -arch x86_64 -arch i386 -bundle -undefined dynamic_lookup -fstack-protector Encode.o def_t.o encengine.o  -o blib/arch/auto/Encode/Encode.bundle 	\
	     	\
	  
chmod 755 blib/arch/auto/Encode/Encode.bundle
cp Encode.bs blib/arch/auto/Encode/Encode.bs
chmod 644 blib/arch/auto/Encode/Encode.bs
cp bin/encguess blib/script/encguess
/usr/bin/perl -MExtUtils::MY -e 'MY->fixin(shift)' -- blib/script/encguess
cp bin/piconv blib/script/piconv
/usr/bin/perl -MExtUtils::MY -e 'MY->fixin(shift)' -- blib/script/piconv
cp bin/enc2xs blib/script/enc2xs
/usr/bin/perl -MExtUtils::MY -e 'MY->fixin(shift)' -- blib/script/enc2xs
Manifying blib/man1/enc2xs.1
Manifying blib/man1/piconv.1
Manifying blib/man1/encguess.1
Manifying blib/man3/Encode::MIME::Name.3pm
Manifying blib/man3/Encode::Encoding.3pm
Manifying blib/man3/Encode::JP::H2Z.3pm
Manifying blib/man3/Encode::Unicode::UTF7.3pm
Manifying blib/man3/encoding.3pm
Manifying blib/man3/Encode::JP::JIS7.3pm
Manifying blib/man3/Encode::Alias.3pm
Manifying blib/man3/Encode::CJKConstants.3pm
Manifying blib/man3/Encode::Guess.3pm
Manifying blib/man3/Encode::KR::2022_KR.3pm
Manifying blib/man3/Encode::Config.3pm
Manifying blib/man3/Encode.3pm
Manifying blib/man3/Encode::GSM0338.3pm
Manifying blib/man3/Encode::MIME::Header.3pm
Manifying blib/man3/Encode::Encoder.3pm
Manifying blib/man3/Encode::PerlIO.3pm
Manifying blib/man3/Encode::CN::HZ.3pm
Manifying blib/man3/Encode::Supported.3pm
  DANKOGAI/Encode-2.84.tar.gz
  /usr/bin/make -- OK
Running make test
PERL_DL_NONLAZY=1 /usr/bin/perl "-MExtUtils::Command::MM" "-e" "test_harness(0, 'blib/lib', 'blib/arch')" t/*.t
t/Aliases.t ................ ok
t/at-cn.t .................. ok
t/at-tw.t .................. ok
t/CJKT.t ................... ok
t/cow.t .................... ok
t/decode.t ................. ok
t/enc_data.t ............... ok
t/enc_eucjp.t .............. ok
t/enc_module.t ............. ok
t/enc_utf8.t ............... ok
t/Encode.t ................. ok
t/Encoder.t ................ ok
t/encoding-locale.t ........ ok
t/encoding.t ............... ok
t/fallback.t ............... ok
t/from_to.t ................ ok
t/grow.t ................... ok
t/gsm0338.t ................ ok
t/guess.t .................. ok
t/isa.t .................... ok
t/jis7-fallback.t .......... ok
t/jperl.t .................. ok
t/mime-header.t ............ ok
t/mime-name.t .............. ok
t/mime_header_iso2022jp.t .. ok
t/perlio.t ................. ok
t/piconv.t ................. ok
t/taint.t .................. ok
t/Unicode.t ................ ok
t/utf8ref.t ................ ok
t/utf8strict.t ............. ok
t/utf8warnings.t ........... ok
All tests successful.
Files=32, Tests=6107,  4 wallclock secs ( 0.63 usr  0.09 sys +  3.49 cusr  0.43 csys =  4.64 CPU)
Result: PASS
No tests defined for Encode::Byte extension.
No tests defined for Encode::CN extension.
No tests defined for Encode::EBCDIC extension.
No tests defined for Encode::JP extension.
No tests defined for Encode::KR extension.
No tests defined for Encode::Symbol extension.
No tests defined for Encode::TW extension.
No tests defined for Encode::Unicode extension.
  DANKOGAI/Encode-2.84.tar.gz
  /usr/bin/make test -- OK
Running make install
Files found in blib/arch: installing files in blib/lib into architecture dependent library tree
!!!!!!!!!!!!!!!!!!!!!!!!!!!!!!!!!!!!!!!!!!!!!!!!!!!!!!!!!!!!!!!!!!!!!!!!
ERROR: Can't create '/Library/Perl/5.18/darwin-thread-multi-2level'
Do not have write permissions on '/Library/Perl/5.18/darwin-thread-multi-2level'
!!!!!!!!!!!!!!!!!!!!!!!!!!!!!!!!!!!!!!!!!!!!!!!!!!!!!!!!!!!!!!!!!!!!!!!!
 at -e line 1.
make: *** [pure_site_install] Error 13
  DANKOGAI/Encode-2.84.tar.gz
  /usr/bin/make install  -- NOT OK
----
  You may have to su to root to install the package
  (Or you may want to run something like
    o conf make_install_make_command 'sudo make'
  to raise your permissions.  CPAN: Recompiling D/DO/DOY/Package-Stash-XS-0.28.tar.gz

Running make for D/DO/DOY/Package-Stash-XS-0.28.tar.gz
Fetching with LWP:
http://cpan.mirror.nac.net/authors/id/D/DO/DOY/Package-Stash-XS-0.28.tar.gz
Warning (usually harmless): 'YAML' not installed, cannot parse '/Users/rebeccafiletti/.cpan/FTPstats.yml'

Warning (usually harmless): 'YAML' not installed, cannot parse '/Users/rebeccafiletti/.cpan/FTPstats.yml'

Fetching with LWP:
http://cpan.mirror.nac.net/authors/id/D/DO/DOY/CHECKSUMS
Checksum for /Users/rebeccafiletti/.cpan/sources/authors/id/D/DO/DOY/Package-Stash-XS-0.28.tar.gz ok

  CPAN.pm: Building D/DO/DOY/Package-Stash-XS-0.28.tar.gz

Checking if your kit is complete...
Looks good
Writing Makefile for Package::Stash::XS
Writing MYMETA.yml and MYMETA.json
cp lib/Package/Stash/XS.pm blib/lib/Package/Stash/XS.pm
/usr/bin/perl /System/Library/Perl/5.18/ExtUtils/xsubpp  -typemap /System/Library/Perl/5.18/ExtUtils/typemap -typemap typemap  XS.xs > XS.xsc && mv XS.xsc XS.c
cc -c   -arch x86_64 -arch i386 -g -pipe -fno-common -DPERL_DARWIN -fno-strict-aliasing -fstack-protector -Os   -DVERSION=\"0.28\" -DXS_VERSION=\"0.28\"  "-I/System/Library/Perl/5.18/darwin-thread-multi-2level/CORE"   XS.c
Running Mkbootstrap for Package::Stash::XS ()
chmod 644 XS.bs
rm -f blib/arch/auto/Package/Stash/XS/XS.bundle
cc -mmacosx-version-min=10.11  -arch x86_64 -arch i386 -bundle -undefined dynamic_lookup -fstack-protector XS.o  -o blib/arch/auto/Package/Stash/XS/XS.bundle 	\
	     	\
	  
chmod 755 blib/arch/auto/Package/Stash/XS/XS.bundle
cp XS.bs blib/arch/auto/Package/Stash/XS/XS.bs
chmod 644 blib/arch/auto/Package/Stash/XS/XS.bs
Manifying blib/man3/Package::Stash::XS.3pm
  DOY/Package-Stash-XS-0.28.tar.gz
  /usr/bin/make -- OK
Running make test
PERL_DL_NONLAZY=1 /usr/bin/perl "-MExtUtils::Command::MM" "-e" "test_harness(0, 'blib/lib', 'blib/arch')" t/*.t
t/00-compile.t ........... ok
t/addsub.t ............... ok
t/anon-basic.t ........... skipped: Test requires module 'Package::Anon' but it's not found
t/anon.t ................. skipped: Test requires module 'Package::Anon' but it's not found
t/bare-anon-basic.t ...... skipped: This isn't really going to work yet, probably
t/bare-anon.t ............ skipped: This isn't really going to work yet, probably
t/basic.t ................ ok
t/compile-time.t ......... ok
t/edge-cases.t ........... ok
t/extension.t ............ ok
t/get.t .................. ok
t/io.t ................... ok
t/isa.t .................. ok
t/magic.t ................ ok
t/paamayim_nekdotayim.t .. ok
t/scalar-values.t ........ ok
t/stash-deletion.t ....... ok
t/synopsis.t ............. ok
t/warnings.t ............. ok
All tests successful.
Files=19, Tests=266,  0 wallclock secs ( 0.10 usr  0.04 sys +  0.59 cusr  0.16 csys =  0.89 CPU)
Result: PASS
  DOY/Package-Stash-XS-0.28.tar.gz
  /usr/bin/make test -- OK
Running make install
Files found in blib/arch: installing files in blib/lib into architecture dependent library tree
!!!!!!!!!!!!!!!!!!!!!!!!!!!!!!!!!!!!!!!!!!!!!!!!!!!!!!!!!!!!!!!!!!!!!!!!
ERROR: Can't create '/Library/Perl/5.18/darwin-thread-multi-2level/Package/Stash'
mkdir /Library/Perl/5.18/darwin-thread-multi-2level/Package: Permission denied at /System/Library/Perl/5.18/ExtUtils/Install.pm line 469.

!!!!!!!!!!!!!!!!!!!!!!!!!!!!!!!!!!!!!!!!!!!!!!!!!!!!!!!!!!!!!!!!!!!!!!!!
 at -e line 1.
make: *** [pure_site_install] Error 13
  DOY/Package-Stash-XS-0.28.tar.gz
  /usr/bin/make install  -- NOT OK
  CPAN: Recompiling D/DR/DROLSKY/DateTime-1.34.tar.gz

Running make for D/DR/DROLSKY/DateTime-1.34.tar.gz
Fetching with LWP:
http://cpan.mirror.nac.net/authors/id/D/DR/DROLSKY/DateTime-1.34.tar.gz
Warning (usually harmless): 'YAML' not installed, cannot parse '/Users/rebeccafiletti/.cpan/FTPstats.yml'

Warning (usually harmless): 'YAML' not installed, cannot parse '/Users/rebeccafiletti/.cpan/FTPstats.yml'

Fetching with LWP:
http://cpan.mirror.nac.net/authors/id/D/DR/DROLSKY/CHECKSUMS
Checksum for /Users/rebeccafiletti/.cpan/sources/authors/id/D/DR/DROLSKY/DateTime-1.34.tar.gz ok

  CPAN.pm: Building D/DR/DROLSKY/DateTime-1.34.tar.gz

Checking if your kit is complete...
Looks good
Writing Makefile for DateTime
Writing MYMETA.yml and MYMETA.json
---- Unsatisfied dependencies detected during ----
----       DROLSKY/DateTime-1.34.tar.gz       ----
    DateTime::TimeZone [requires]
    Test::Warnings [build_requires]
    DateTime::Locale [requires]
    CPAN::Meta::Check [build_requires]
Running make test
  Delayed until after prerequisites
Running make install
  Delayed until after prerequisites
  CPAN: Recompiling D/DR/DROLSKY/Params-Validate-1.24.tar.gz

Running make for D/DR/DROLSKY/Params-Validate-1.24.tar.gz
Fetching with LWP:
http://cpan.mirror.nac.net/authors/id/D/DR/DROLSKY/Params-Validate-1.24.tar.gz
Checksum for /Users/rebeccafiletti/.cpan/sources/authors/id/D/DR/DROLSKY/Params-Validate-1.24.tar.gz ok

  CPAN.pm: Building D/DR/DROLSKY/Params-Validate-1.24.tar.gz

Created MYMETA.yml and MYMETA.json
Creating new 'Build' script for 'Params-Validate' version '1.24'
Building Params-Validate
cc -Ic -I/System/Library/Perl/5.18/darwin-thread-multi-2level/CORE -DVERSION="1.24" -DXS_VERSION="1.24" -c -arch x86_64 -arch i386 -g -pipe -fno-common -DPERL_DARWIN -fno-strict-aliasing -fstack-protector -Os -o lib/Params/Validate/XS.o lib/Params/Validate/XS.c
ExtUtils::Mkbootstrap::Mkbootstrap('blib/arch/auto/Params/Validate/XS/XS.bs')
env LD_RUN_PATH=/System/Library/Perl/5.18/darwin-thread-multi-2level/CORE cc -mmacosx-version-min=10.11 -arch x86_64 -arch i386 -bundle -undefined dynamic_lookup -fstack-protector -o blib/arch/auto/Params/Validate/XS/XS.bundle lib/Params/Validate/XS.o
  DROLSKY/Params-Validate-1.24.tar.gz
  ./Build -- OK
Running Build test
t/00-report-prereqs.t ........ ok
t/01-validate.t .............. ok
t/02-noop.t .................. ok
t/04-defaults.t .............. ok
t/05-noop_default.t .......... ok
t/06-options.t ............... ok
t/07-with.t .................. ok
t/08-noop_with.t ............. ok
t/09-regex.t ................. ok
t/10-noop_regex.t ............ ok
t/11-cb.t .................... ok
t/12-noop_cb.t ............... ok
t/13-taint.t ................. ok
t/14-no_validate.t ........... ok
t/15-case.t .................. ok
t/16-normalize.t ............. ok
t/17-callbacks.t ............. ok
t/18-depends.t ............... ok
t/19-untaint.t ............... skipped: Test requires module 'Test::Taint' but it's not found
t/21-can.t ................... ok
t/22-overload-can-bug.t ...... ok
t/23-readonly.t .............. skipped: Test requires module 'Readonly' but it's not found
t/24-tied.t .................. ok
t/25-undef-regex.t ........... ok
t/26-isa.t ................... ok
t/27-string-as-type.t ........ ok
t/28-readonly-return.t ....... ok
t/29-taint-mode.t ............ skipped: Test requires module 'Test::Taint' but it's not found
t/30-hashref-alteration.t .... ok
t/31-incorrect-spelling.t .... skipped: Spec validation is disabled for now
t/32-regex-as-value.t ........ ok
t/33-keep-errsv.t ............ ok
t/34-recursive-validation.t .. ok
t/35-default-xs-bug.t ........ ok
t/36-large-arrays.t .......... ok
t/37-exports.t ............... ok
t/38-callback-message.t ...... ok
t/39-reentrant.t ............. ok
All tests successful.

Test Summary Report
-------------------
t/34-recursive-validation.t (Wstat: 0 Tests: 1 Failed: 0)
  TODO passed:   1
Files=38, Tests=2509,  2 wallclock secs ( 0.35 usr  0.09 sys +  1.64 cusr  0.32 csys =  2.40 CPU)
Result: PASS
  DROLSKY/Params-Validate-1.24.tar.gz
  ./Build test -- OK
Running Build install
Building Params-Validate
Files found in blib/arch: installing files in blib/lib into architecture dependent library tree
!!!!!!!!!!!!!!!!!!!!!!!!!!!!!!!!!!!!!!!!!!!!!!!!!!!!!!!!!!!!!!!!!!!!!!!!
ERROR: Can't create '/Library/Perl/5.18/darwin-thread-multi-2level/Params'
mkdir /Library/Perl/5.18/darwin-thread-multi-2level/Params: Permission denied at /System/Library/Perl/5.18/ExtUtils/Install.pm line 469.

!!!!!!!!!!!!!!!!!!!!!!!!!!!!!!!!!!!!!!!!!!!!!!!!!!!!!!!!!!!!!!!!!!!!!!!!
 at /System/Library/Perl/5.18/Module/Build/Base.pm line 3581.
  DROLSKY/Params-Validate-1.24.tar.gz
  ./Build install  -- NOT OK
  CPAN: Recompiling E/ES/ESAYM/Time-Piece-1.31.tar.gz

Running make for E/ES/ESAYM/Time-Piece-1.31.tar.gz
Fetching with LWP:
http://cpan.mirror.nac.net/authors/id/E/ES/ESAYM/Time-Piece-1.31.tar.gz
Warning (usually harmless): 'YAML' not installed, cannot parse '/Users/rebeccafiletti/.cpan/FTPstats.yml'

Warning (usually harmless): 'YAML' not installed, cannot parse '/Users/rebeccafiletti/.cpan/FTPstats.yml'

Fetching with LWP:
http://cpan.mirror.nac.net/authors/id/E/ES/ESAYM/CHECKSUMS
Checksum for /Users/rebeccafiletti/.cpan/sources/authors/id/E/ES/ESAYM/Time-Piece-1.31.tar.gz ok

  CPAN.pm: Building E/ES/ESAYM/Time-Piece-1.31.tar.gz

Checking if your kit is complete...
Looks good
Writing Makefile for Time::Piece
Writing MYMETA.yml and MYMETA.json
cp Piece.pm blib/lib/Time/Piece.pm
cp Seconds.pm blib/lib/Time/Seconds.pm
/usr/bin/perl /System/Library/Perl/5.18/ExtUtils/xsubpp  -typemap /System/Library/Perl/5.18/ExtUtils/typemap  Piece.xs > Piece.xsc && mv Piece.xsc Piece.c
cc -c   -arch x86_64 -arch i386 -g -pipe -fno-common -DPERL_DARWIN -fno-strict-aliasing -fstack-protector -Os   -DVERSION=\"1.31\" -DXS_VERSION=\"1.31\"  "-I/System/Library/Perl/5.18/darwin-thread-multi-2level/CORE"   Piece.c
Running Mkbootstrap for Time::Piece ()
chmod 644 Piece.bs
rm -f blib/arch/auto/Time/Piece/Piece.bundle
cc -mmacosx-version-min=10.11  -arch x86_64 -arch i386 -bundle -undefined dynamic_lookup -fstack-protector Piece.o  -o blib/arch/auto/Time/Piece/Piece.bundle 	\
	     	\
	  
chmod 755 blib/arch/auto/Time/Piece/Piece.bundle
cp Piece.bs blib/arch/auto/Time/Piece/Piece.bs
chmod 644 blib/arch/auto/Time/Piece/Piece.bs
Manifying blib/man3/Time::Piece.3pm
Manifying blib/man3/Time::Seconds.3pm
  ESAYM/Time-Piece-1.31.tar.gz
  /usr/bin/make -- OK
Running make test
PERL_DL_NONLAZY=1 /usr/bin/perl "-MExtUtils::Command::MM" "-e" "test_harness(0, 'blib/lib', 'blib/arch')" t/*.t
t/01base.t ...... ok
t/02core.t ...... ok
t/02core_dst.t .. ok
t/03compare.t ... ok
t/04mjd.t ....... ok
t/05overload.t .. ok
t/06subclass.t .. ok
t/07arith.t ..... ok
All tests successful.
Files=8, Tests=229,  1 wallclock secs ( 0.06 usr  0.02 sys +  0.25 cusr  0.06 csys =  0.39 CPU)
Result: PASS
  ESAYM/Time-Piece-1.31.tar.gz
  /usr/bin/make test -- OK
Running make install
Files found in blib/arch: installing files in blib/lib into architecture dependent library tree
!!!!!!!!!!!!!!!!!!!!!!!!!!!!!!!!!!!!!!!!!!!!!!!!!!!!!!!!!!!!!!!!!!!!!!!!
ERROR: Can't create '/Library/Perl/5.18/darwin-thread-multi-2level/Time'
mkdir /Library/Perl/5.18/darwin-thread-multi-2level/Time: Permission denied at /System/Library/Perl/5.18/ExtUtils/Install.pm line 469.

!!!!!!!!!!!!!!!!!!!!!!!!!!!!!!!!!!!!!!!!!!!!!!!!!!!!!!!!!!!!!!!!!!!!!!!!
 at -e line 1.
make: *** [pure_site_install] Error 13
  ESAYM/Time-Piece-1.31.tar.gz
  /usr/bin/make install  -- NOT OK
  CPAN: Recompiling E/ET/ETHER/Class-Load-XS-0.09.tar.gz

Running make for E/ET/ETHER/Class-Load-XS-0.09.tar.gz
Fetching with LWP:
http://cpan.mirror.nac.net/authors/id/E/ET/ETHER/Class-Load-XS-0.09.tar.gz
Warning (usually harmless): 'YAML' not installed, cannot parse '/Users/rebeccafiletti/.cpan/FTPstats.yml'

Warning (usually harmless): 'YAML' not installed, cannot parse '/Users/rebeccafiletti/.cpan/FTPstats.yml'

Fetching with LWP:
http://cpan.mirror.nac.net/authors/id/E/ET/ETHER/CHECKSUMS
Checksum for /Users/rebeccafiletti/.cpan/sources/authors/id/E/ET/ETHER/Class-Load-XS-0.09.tar.gz ok

  CPAN.pm: Building E/ET/ETHER/Class-Load-XS-0.09.tar.gz

Checking if your kit is complete...
Looks good
Writing Makefile for Class::Load::XS
Writing MYMETA.yml and MYMETA.json
cp lib/Class/Load/XS.pm blib/lib/Class/Load/XS.pm
/usr/bin/perl /System/Library/Perl/5.18/ExtUtils/xsubpp  -typemap /System/Library/Perl/5.18/ExtUtils/typemap  XS.xs > XS.xsc && mv XS.xsc XS.c
cc -c   -arch x86_64 -arch i386 -g -pipe -fno-common -DPERL_DARWIN -fno-strict-aliasing -fstack-protector -Os   -DVERSION=\"0.09\" -DXS_VERSION=\"0.09\"  "-I/System/Library/Perl/5.18/darwin-thread-multi-2level/CORE"   XS.c
Running Mkbootstrap for Class::Load::XS ()
chmod 644 XS.bs
rm -f blib/arch/auto/Class/Load/XS/XS.bundle
cc -mmacosx-version-min=10.11  -arch x86_64 -arch i386 -bundle -undefined dynamic_lookup -fstack-protector XS.o  -o blib/arch/auto/Class/Load/XS/XS.bundle 	\
	     	\
	  
chmod 755 blib/arch/auto/Class/Load/XS/XS.bundle
cp XS.bs blib/arch/auto/Class/Load/XS/XS.bs
chmod 644 blib/arch/auto/Class/Load/XS/XS.bs
Manifying blib/man3/Class::Load::XS.3pm
  ETHER/Class-Load-XS-0.09.tar.gz
  /usr/bin/make -- OK
Running make test
PERL_DL_NONLAZY=1 /usr/bin/perl "-MExtUtils::Command::MM" "-e" "test_harness(0, 'blib/lib', 'blib/arch')" t/*.t
t/00-report-prereqs.t ........... ok
t/000-load.t .................... ok
t/001-is-class-loaded.t ......... ok
t/002-try-load-class.t .......... ok
t/003-load-class.t .............. ok
t/004-load-double.t ............. ok
t/005-load-optional.t ........... ok
t/006-returned-error.t .......... ok
t/007-first-existing.t .......... ok
t/008-gvstash-bug.t ............. ok
t/009-invalid-module-name.t ..... ok
t/010-isa-false-positive.t ...... ok
t/011-without-xs.t .............. skipped: Test requires module 'Test::Without::Module' but it's not found
t/012-without-implementation.t .. skipped: Test requires module 'Test::Without::Module' but it's not found
t/013-errors.t .................. ok
t/014-weird-constants.t ......... ok
All tests successful.
Files=16, Tests=125,  1 wallclock secs ( 0.08 usr  0.03 sys +  0.72 cusr  0.16 csys =  0.99 CPU)
Result: PASS
  ETHER/Class-Load-XS-0.09.tar.gz
  /usr/bin/make test -- OK
Running make install
Files found in blib/arch: installing files in blib/lib into architecture dependent library tree
!!!!!!!!!!!!!!!!!!!!!!!!!!!!!!!!!!!!!!!!!!!!!!!!!!!!!!!!!!!!!!!!!!!!!!!!
ERROR: Can't create '/Library/Perl/5.18/darwin-thread-multi-2level/Class/Load'
mkdir /Library/Perl/5.18/darwin-thread-multi-2level/Class: Permission denied at /System/Library/Perl/5.18/ExtUtils/Install.pm line 469.

!!!!!!!!!!!!!!!!!!!!!!!!!!!!!!!!!!!!!!!!!!!!!!!!!!!!!!!!!!!!!!!!!!!!!!!!
 at -e line 1.
make: *** [pure_site_install] Error 13
  ETHER/Class-Load-XS-0.09.tar.gz
  /usr/bin/make install  -- NOT OK
  CPAN: Recompiling E/ET/ETHER/Devel-Declare-0.006018.tar.gz

Running make for E/ET/ETHER/Devel-Declare-0.006018.tar.gz
Fetching with LWP:
http://cpan.mirror.nac.net/authors/id/E/ET/ETHER/Devel-Declare-0.006018.tar.gz
Checksum for /Users/rebeccafiletti/.cpan/sources/authors/id/E/ET/ETHER/Devel-Declare-0.006018.tar.gz ok

  CPAN.pm: Building E/ET/ETHER/Devel-Declare-0.006018.tar.gz

Checking if your kit is complete...
Looks good
Writing Makefile for Devel::Declare
Writing MYMETA.yml and MYMETA.json
cp lib/Devel/Declare.pm blib/lib/Devel/Declare.pm
cp lib/Devel/Declare/MethodInstaller/Simple.pm blib/lib/Devel/Declare/MethodInstaller/Simple.pm
cp lib/Devel/Declare/Context/Simple.pm blib/lib/Devel/Declare/Context/Simple.pm
/usr/bin/perl /System/Library/Perl/5.18/ExtUtils/xsubpp  -typemap /System/Library/Perl/5.18/ExtUtils/typemap  Declare.xs > Declare.xsc && mv Declare.xsc Declare.c
cc -c  -I/System/Library/Perl/Extras/5.18/darwin-thread-multi-2level/B/Hooks/OP/Check/Install -arch x86_64 -arch i386 -g -pipe -fno-common -DPERL_DARWIN -fno-strict-aliasing -fstack-protector -Os   -DVERSION=\"0.006018\" -DXS_VERSION=\"0.006018\"  "-I/System/Library/Perl/5.18/darwin-thread-multi-2level/CORE"   Declare.c
Running Mkbootstrap for Devel::Declare ()
chmod 644 Declare.bs
rm -f blib/arch/auto/Devel/Declare/Declare.bundle
cc -mmacosx-version-min=10.11  -arch x86_64 -arch i386 -bundle -undefined dynamic_lookup -fstack-protector Declare.o  -o blib/arch/auto/Devel/Declare/Declare.bundle 	\
	     	\
	  
chmod 755 blib/arch/auto/Devel/Declare/Declare.bundle
cp Declare.bs blib/arch/auto/Devel/Declare/Declare.bs
chmod 644 blib/arch/auto/Devel/Declare/Declare.bs
Manifying blib/man3/Devel::Declare.3pm
  ETHER/Devel-Declare-0.006018.tar.gz
  /usr/bin/make -- OK
Running make test
PERL_DL_NONLAZY=1 /usr/bin/perl "-MExtUtils::Command::MM" "-e" "test_harness(0, 'blib/lib', 'blib/arch')" t/*.t
t/00load.t ..................... ok
t/block_size.t ................. ok
t/build_sub_installer.t ........ ok
t/combi.t ...................... ok
t/ctx-simple-like-mxms.t ....... ok
t/ctx-simple.t ................. ok
t/debug.t ...................... ok
t/devel_callparser.t ........... skipped: Test requires module 'Devel::CallParser' but it's not found
t/early0.t ..................... ok
t/early1.t ..................... ok
t/early2.t ..................... ok
t/eval.t ....................... ok
t/fail.t ....................... ok
t/filter0.t .................... ok
t/filter1.t .................... ok
t/lines.t ...................... skipped: Test requires module 'B::Compiling' but it's not found
t/load_module.t ................ ok
t/methinstaller-simple.t ....... ok
t/method-installer-redefine.t .. ok
t/method-installer-runtime.t ... ok
t/method-no-semi.t ............. ok
t/method.t ..................... ok
t/multiline-proto.t ............ ok
t/new.t ........................ ok
t/no-bareword.t ................ ok
t/pack.t ....................... ok
t/padstuff.t ................... ok
t/proto.t ...................... ok
t/quote.t ...................... ok
t/scanstr.t .................... ok
t/scanstr_fail.t ............... ok
t/simple.t ..................... ok
t/statement.t .................. ok
t/sugar.t ...................... ok
All tests successful.
Files=34, Tests=141,  2 wallclock secs ( 0.15 usr  0.08 sys +  1.12 cusr  0.34 csys =  1.69 CPU)
Result: PASS
  ETHER/Devel-Declare-0.006018.tar.gz
  /usr/bin/make test -- OK
Running make install
Files found in blib/arch: installing files in blib/lib into architecture dependent library tree
!!!!!!!!!!!!!!!!!!!!!!!!!!!!!!!!!!!!!!!!!!!!!!!!!!!!!!!!!!!!!!!!!!!!!!!!
ERROR: Can't create '/Library/Perl/5.18/darwin-thread-multi-2level/Devel'
mkdir /Library/Perl/5.18/darwin-thread-multi-2level/Devel: Permission denied at /System/Library/Perl/5.18/ExtUtils/Install.pm line 469.

!!!!!!!!!!!!!!!!!!!!!!!!!!!!!!!!!!!!!!!!!!!!!!!!!!!!!!!!!!!!!!!!!!!!!!!!
 at -e line 1.
make: *** [pure_site_install] Error 13
  ETHER/Devel-Declare-0.006018.tar.gz
  /usr/bin/make install  -- NOT OK
  CPAN: Recompiling E/ET/ETHER/Moose-2.1804.tar.gz

Running make for E/ET/ETHER/Moose-2.1804.tar.gz
Fetching with LWP:
http://cpan.mirror.nac.net/authors/id/E/ET/ETHER/Moose-2.1804.tar.gz
Checksum for /Users/rebeccafiletti/.cpan/sources/authors/id/E/ET/ETHER/Moose-2.1804.tar.gz ok

  CPAN.pm: Building E/ET/ETHER/Moose-2.1804.tar.gz

Checking if your kit is complete...
Looks good
Writing Makefile for Moose
Writing MYMETA.yml and MYMETA.json
---- Unsatisfied dependencies detected during ----
----         ETHER/Moose-2.1804.tar.gz        ----
    Module::Runtime [requires]
    Module::Runtime::Conflicts [requires]
    Test::CleanNamespaces [build_requires]
    Devel::OverloadInfo [requires]
    Devel::StackTrace [requires]
    CPAN::Meta::Check [build_requires]
    List::Util [requires]
    Sub::Identify [requires]
    Test::Warnings [build_requires]
Running make test
  Delayed until after prerequisites
Running make install
  Delayed until after prerequisites
  CPAN: Recompiling E/ET/ETHER/Sub-Name-0.15.tar.gz

Running make for E/ET/ETHER/Sub-Name-0.15.tar.gz
Fetching with LWP:
http://cpan.mirror.nac.net/authors/id/E/ET/ETHER/Sub-Name-0.15.tar.gz
Checksum for /Users/rebeccafiletti/.cpan/sources/authors/id/E/ET/ETHER/Sub-Name-0.15.tar.gz ok

  CPAN.pm: Building E/ET/ETHER/Sub-Name-0.15.tar.gz

Checking if your kit is complete...
Looks good
Writing Makefile for Sub::Name
Writing MYMETA.yml and MYMETA.json
cp lib/Sub/Name.pm blib/lib/Sub/Name.pm
/usr/bin/perl /System/Library/Perl/5.18/ExtUtils/xsubpp  -typemap /System/Library/Perl/5.18/ExtUtils/typemap  Name.xs > Name.xsc && mv Name.xsc Name.c
cc -c   -arch x86_64 -arch i386 -g -pipe -fno-common -DPERL_DARWIN -fno-strict-aliasing -fstack-protector -Os   -DVERSION=\"0.15\" -DXS_VERSION=\"0.15\"  "-I/System/Library/Perl/5.18/darwin-thread-multi-2level/CORE"   Name.c
Running Mkbootstrap for Sub::Name ()
chmod 644 Name.bs
rm -f blib/arch/auto/Sub/Name/Name.bundle
cc -mmacosx-version-min=10.11  -arch x86_64 -arch i386 -bundle -undefined dynamic_lookup -fstack-protector Name.o  -o blib/arch/auto/Sub/Name/Name.bundle 	\
	     	\
	  
chmod 755 blib/arch/auto/Sub/Name/Name.bundle
cp Name.bs blib/arch/auto/Sub/Name/Name.bs
chmod 644 blib/arch/auto/Sub/Name/Name.bs
Manifying blib/man3/Sub::Name.3pm
  ETHER/Sub-Name-0.15.tar.gz
  /usr/bin/make -- OK
Running make test
PERL_DL_NONLAZY=1 /usr/bin/perl "-MExtUtils::Command::MM" "-e" "test_harness(0, 'blib/lib', 'blib/arch')" t/*.t
t/00-report-prereqs.t .. ok
t/RT42725_deparse.t .... ok
t/RT96893_perlcc.t ..... skipped: B::C required for testing perlcc -O3
t/smoke.t .............. ok
All tests successful.
Files=4, Tests=13,  1 wallclock secs ( 0.03 usr  0.01 sys +  0.31 cusr  0.04 csys =  0.39 CPU)
Result: PASS
  ETHER/Sub-Name-0.15.tar.gz
  /usr/bin/make test -- OK
Running make install
Files found in blib/arch: installing files in blib/lib into architecture dependent library tree
!!!!!!!!!!!!!!!!!!!!!!!!!!!!!!!!!!!!!!!!!!!!!!!!!!!!!!!!!!!!!!!!!!!!!!!!
ERROR: Can't create '/Library/Perl/5.18/darwin-thread-multi-2level/Sub'
mkdir /Library/Perl/5.18/darwin-thread-multi-2level/Sub: Permission denied at /System/Library/Perl/5.18/ExtUtils/Install.pm line 469.

!!!!!!!!!!!!!!!!!!!!!!!!!!!!!!!!!!!!!!!!!!!!!!!!!!!!!!!!!!!!!!!!!!!!!!!!
 at -e line 1.
make: *** [pure_site_install] Error 13
  ETHER/Sub-Name-0.15.tar.gz
  /usr/bin/make install  -- NOT OK
  CPAN: Recompiling G/GA/GAAS/Digest-MD5-2.55.tar.gz

Running make for G/GA/GAAS/Digest-MD5-2.55.tar.gz
Fetching with LWP:
http://cpan.mirror.nac.net/authors/id/G/GA/GAAS/Digest-MD5-2.55.tar.gz
Warning (usually harmless): 'YAML' not installed, cannot parse '/Users/rebeccafiletti/.cpan/FTPstats.yml'

Warning (usually harmless): 'YAML' not installed, cannot parse '/Users/rebeccafiletti/.cpan/FTPstats.yml'

Fetching with LWP:
http://cpan.mirror.nac.net/authors/id/G/GA/GAAS/CHECKSUMS
Checksum for /Users/rebeccafiletti/.cpan/sources/authors/id/G/GA/GAAS/Digest-MD5-2.55.tar.gz ok

  CPAN.pm: Building G/GA/GAAS/Digest-MD5-2.55.tar.gz

Perl's config says that U32 access must be aligned.
Checking if your kit is complete...
Looks good
Writing Makefile for Digest::MD5
Writing MYMETA.yml and MYMETA.json
cp MD5.pm blib/lib/Digest/MD5.pm
/usr/bin/perl /System/Library/Perl/5.18/ExtUtils/xsubpp  -typemap /System/Library/Perl/5.18/ExtUtils/typemap -typemap typemap  MD5.xs > MD5.xsc && mv MD5.xsc MD5.c
cc -c   -arch x86_64 -arch i386 -g -pipe -fno-common -DPERL_DARWIN -fno-strict-aliasing -fstack-protector -Os   -DVERSION=\"2.55\" -DXS_VERSION=\"2.55\"  "-I/System/Library/Perl/5.18/darwin-thread-multi-2level/CORE"  -DU32_ALIGNMENT_REQUIRED MD5.c
Running Mkbootstrap for Digest::MD5 ()
chmod 644 MD5.bs
rm -f blib/arch/auto/Digest/MD5/MD5.bundle
cc -mmacosx-version-min=10.11  -arch x86_64 -arch i386 -bundle -undefined dynamic_lookup -fstack-protector MD5.o  -o blib/arch/auto/Digest/MD5/MD5.bundle 	\
	     	\
	  
chmod 755 blib/arch/auto/Digest/MD5/MD5.bundle
cp MD5.bs blib/arch/auto/Digest/MD5/MD5.bs
chmod 644 blib/arch/auto/Digest/MD5/MD5.bs
Manifying blib/man3/Digest::MD5.3pm
  GAAS/Digest-MD5-2.55.tar.gz
  /usr/bin/make -- OK
Running make test
PERL_DL_NONLAZY=1 /usr/bin/perl "-MExtUtils::Command::MM" "-e" "test_harness(0, 'blib/lib', 'blib/arch')" t/*.t
t/align.t .... ok
t/badfile.t .. ok
t/bits.t ..... ok
t/clone.t .... ok
t/files.t .... ok
t/md5-aaa.t .. ok
t/threads.t .. ok
t/utf8.t ..... ok
All tests successful.
Files=8, Tests=277,  0 wallclock secs ( 0.06 usr  0.02 sys +  0.17 cusr  0.06 csys =  0.31 CPU)
Result: PASS
  GAAS/Digest-MD5-2.55.tar.gz
  /usr/bin/make test -- OK
Running make install
Files found in blib/arch: installing files in blib/lib into architecture dependent library tree
!!!!!!!!!!!!!!!!!!!!!!!!!!!!!!!!!!!!!!!!!!!!!!!!!!!!!!!!!!!!!!!!!!!!!!!!
ERROR: Can't create '/Library/Perl/5.18/darwin-thread-multi-2level/Digest'
mkdir /Library/Perl/5.18/darwin-thread-multi-2level/Digest: Permission denied at /System/Library/Perl/5.18/ExtUtils/Install.pm line 469.

!!!!!!!!!!!!!!!!!!!!!!!!!!!!!!!!!!!!!!!!!!!!!!!!!!!!!!!!!!!!!!!!!!!!!!!!
 at -e line 1.
make: *** [pure_site_install] Error 13
  GAAS/Digest-MD5-2.55.tar.gz
  /usr/bin/make install  -- NOT OK
  CPAN: Recompiling G/GA/GAAS/Digest-SHA1-2.13.tar.gz

Running make for G/GA/GAAS/Digest-SHA1-2.13.tar.gz
Fetching with LWP:
http://cpan.mirror.nac.net/authors/id/G/GA/GAAS/Digest-SHA1-2.13.tar.gz
Checksum for /Users/rebeccafiletti/.cpan/sources/authors/id/G/GA/GAAS/Digest-SHA1-2.13.tar.gz ok

  CPAN.pm: Building G/GA/GAAS/Digest-SHA1-2.13.tar.gz

Checking if your kit is complete...
Looks good
Writing Makefile for Digest::SHA1
Writing MYMETA.yml and MYMETA.json
cp SHA1.pm blib/lib/Digest/SHA1.pm
/usr/bin/perl /System/Library/Perl/5.18/ExtUtils/xsubpp  -typemap /System/Library/Perl/5.18/ExtUtils/typemap -typemap typemap  SHA1.xs > SHA1.xsc && mv SHA1.xsc SHA1.c
cc -c   -arch x86_64 -arch i386 -g -pipe -fno-common -DPERL_DARWIN -fno-strict-aliasing -fstack-protector -Os   -DVERSION=\"2.13\" -DXS_VERSION=\"2.13\"  "-I/System/Library/Perl/5.18/darwin-thread-multi-2level/CORE"   SHA1.c
Running Mkbootstrap for Digest::SHA1 ()
chmod 644 SHA1.bs
rm -f blib/arch/auto/Digest/SHA1/SHA1.bundle
cc -mmacosx-version-min=10.11  -arch x86_64 -arch i386 -bundle -undefined dynamic_lookup -fstack-protector SHA1.o  -o blib/arch/auto/Digest/SHA1/SHA1.bundle 	\
	     	\
	  
chmod 755 blib/arch/auto/Digest/SHA1/SHA1.bundle
cp SHA1.bs blib/arch/auto/Digest/SHA1/SHA1.bs
chmod 644 blib/arch/auto/Digest/SHA1/SHA1.bs
Manifying blib/man3/Digest::SHA1.3pm
  GAAS/Digest-SHA1-2.13.tar.gz
  /usr/bin/make -- OK
Running make test
PERL_DL_NONLAZY=1 /usr/bin/perl "-MExtUtils::Command::MM" "-e" "test_harness(0, 'blib/lib', 'blib/arch')" t/*.t
t/badfile.t .. ok
t/bits.t ..... ok
t/sha1.t ..... ok
All tests successful.
Files=3, Tests=17,  0 wallclock secs ( 0.02 usr  0.01 sys +  0.04 cusr  0.02 csys =  0.09 CPU)
Result: PASS
  GAAS/Digest-SHA1-2.13.tar.gz
  /usr/bin/make test -- OK
Running make install
Files found in blib/arch: installing files in blib/lib into architecture dependent library tree
!!!!!!!!!!!!!!!!!!!!!!!!!!!!!!!!!!!!!!!!!!!!!!!!!!!!!!!!!!!!!!!!!!!!!!!!
ERROR: Can't create '/Library/Perl/5.18/darwin-thread-multi-2level/Digest'
mkdir /Library/Perl/5.18/darwin-thread-multi-2level/Digest: Permission denied at /System/Library/Perl/5.18/ExtUtils/Install.pm line 469.

!!!!!!!!!!!!!!!!!!!!!!!!!!!!!!!!!!!!!!!!!!!!!!!!!!!!!!!!!!!!!!!!!!!!!!!!
 at -e line 1.
make: *** [pure_site_install] Error 13
  GAAS/Digest-SHA1-2.13.tar.gz
  /usr/bin/make install  -- NOT OK
  CPAN: Recompiling G/GA/GAAS/HTML-Parser-3.72.tar.gz

Running make for G/GA/GAAS/HTML-Parser-3.72.tar.gz
Fetching with LWP:
http://cpan.mirror.nac.net/authors/id/G/GA/GAAS/HTML-Parser-3.72.tar.gz
Checksum for /Users/rebeccafiletti/.cpan/sources/authors/id/G/GA/GAAS/HTML-Parser-3.72.tar.gz ok

  CPAN.pm: Building G/GA/GAAS/HTML-Parser-3.72.tar.gz

Checking if your kit is complete...
Looks good
Writing Makefile for HTML::Parser
Writing MYMETA.yml and MYMETA.json
cp lib/HTML/Filter.pm blib/lib/HTML/Filter.pm
cp lib/HTML/PullParser.pm blib/lib/HTML/PullParser.pm
cp lib/HTML/LinkExtor.pm blib/lib/HTML/LinkExtor.pm
cp lib/HTML/HeadParser.pm blib/lib/HTML/HeadParser.pm
cp lib/HTML/TokeParser.pm blib/lib/HTML/TokeParser.pm
cp Parser.pm blib/lib/HTML/Parser.pm
cp lib/HTML/Entities.pm blib/lib/HTML/Entities.pm
/usr/bin/perl /System/Library/Perl/5.18/ExtUtils/xsubpp  -typemap /System/Library/Perl/5.18/ExtUtils/typemap -typemap typemap  Parser.xs > Parser.xsc && mv Parser.xsc Parser.c
/usr/bin/perl mkhctype >hctype.h
/usr/bin/perl mkpfunc >pfunc.h
cc -c   -arch x86_64 -arch i386 -g -pipe -fno-common -DPERL_DARWIN -fno-strict-aliasing -fstack-protector -Os   -DVERSION=\"3.72\" -DXS_VERSION=\"3.72\"  "-I/System/Library/Perl/5.18/darwin-thread-multi-2level/CORE"  -DMARKED_SECTION Parser.c
Running Mkbootstrap for HTML::Parser ()
chmod 644 Parser.bs
rm -f blib/arch/auto/HTML/Parser/Parser.bundle
cc -mmacosx-version-min=10.11  -arch x86_64 -arch i386 -bundle -undefined dynamic_lookup -fstack-protector Parser.o  -o blib/arch/auto/HTML/Parser/Parser.bundle 	\
	     	\
	  
chmod 755 blib/arch/auto/HTML/Parser/Parser.bundle
cp Parser.bs blib/arch/auto/HTML/Parser/Parser.bs
chmod 644 blib/arch/auto/HTML/Parser/Parser.bs
Manifying blib/man3/HTML::Parser.3pm
Manifying blib/man3/HTML::Entities.3pm
Manifying blib/man3/HTML::TokeParser.3pm
Manifying blib/man3/HTML::HeadParser.3pm
Manifying blib/man3/HTML::PullParser.3pm
Manifying blib/man3/HTML::LinkExtor.3pm
Manifying blib/man3/HTML::Filter.3pm
  GAAS/HTML-Parser-3.72.tar.gz
  /usr/bin/make -- OK
Running make test
PERL_DL_NONLAZY=1 /usr/bin/perl "-MExtUtils::Command::MM" "-e" "test_harness(0, 'blib/lib', 'blib/arch')" t/*.t
t/api_version.t ...... ok
t/argspec-bad.t ...... ok
t/argspec.t .......... ok
t/argspec2.t ......... ok
t/attr-encoded.t ..... ok
t/callback.t ......... ok
t/case-sensitive.t ... ok
t/cases.t ............ ok
t/comment.t .......... ok
t/crashme.t .......... ok
t/declaration.t ...... ok
t/default.t .......... ok
t/document.t ......... ok
t/dtext.t ............ ok
t/entities.t ......... ok
t/entities2.t ........ ok
t/filter-methods.t ... ok
t/filter.t ........... ok
t/handler-eof.t ...... ok
t/handler.t .......... ok
t/headparser-http.t .. ok
t/headparser.t ....... ok
t/ignore.t ........... ok
t/largetags.t ........ ok
t/linkextor-base.t ... ok
t/linkextor-rel.t .... ok
t/magic.t ............ ok
t/marked-sect.t ...... ok
t/msie-compat.t ...... ok
t/offset.t ........... ok
t/options.t .......... ok
t/parsefile.t ........ ok
t/parser.t ........... ok
t/plaintext.t ........ ok
t/pod.t .............. ok
t/process.t .......... ok
t/pullparser.t ....... ok
t/script.t ........... ok
t/skipped-text.t ..... ok
t/stack-realloc.t .... ok
t/textarea.t ......... ok
t/threads.t .......... ok
t/tokeparser.t ....... ok
t/uentities.t ........ ok
t/unbroken-text.t .... ok
t/unicode-bom.t ...... ok
t/unicode.t .......... ok
t/xml-mode.t ......... ok
All tests successful.
Files=48, Tests=458,  2 wallclock secs ( 0.21 usr  0.10 sys +  1.74 cusr  0.41 csys =  2.46 CPU)
Result: PASS
  GAAS/HTML-Parser-3.72.tar.gz
  /usr/bin/make test -- OK
Running make install
Files found in blib/arch: installing files in blib/lib into architecture dependent library tree
!!!!!!!!!!!!!!!!!!!!!!!!!!!!!!!!!!!!!!!!!!!!!!!!!!!!!!!!!!!!!!!!!!!!!!!!
ERROR: Can't create '/Library/Perl/5.18/darwin-thread-multi-2level/HTML'
mkdir /Library/Perl/5.18/darwin-thread-multi-2level/HTML: Permission denied at /System/Library/Perl/5.18/ExtUtils/Install.pm line 469.

!!!!!!!!!!!!!!!!!!!!!!!!!!!!!!!!!!!!!!!!!!!!!!!!!!!!!!!!!!!!!!!!!!!!!!!!
 at -e line 1.
make: *** [pure_site_install] Error 13
  GAAS/HTML-Parser-3.72.tar.gz
  /usr/bin/make install  -- NOT OK
  CPAN: Recompiling G/GA/GAAS/MIME-Base64-3.15.tar.gz

Running make for G/GA/GAAS/MIME-Base64-3.15.tar.gz
Fetching with LWP:
http://cpan.mirror.nac.net/authors/id/G/GA/GAAS/MIME-Base64-3.15.tar.gz
Checksum for /Users/rebeccafiletti/.cpan/sources/authors/id/G/GA/GAAS/MIME-Base64-3.15.tar.gz ok

  CPAN.pm: Building G/GA/GAAS/MIME-Base64-3.15.tar.gz

Checking if your kit is complete...
Looks good
Writing Makefile for MIME::Base64
Writing MYMETA.yml and MYMETA.json
cp QuotedPrint.pm blib/lib/MIME/QuotedPrint.pm
cp Base64.pm blib/lib/MIME/Base64.pm
/usr/bin/perl /System/Library/Perl/5.18/ExtUtils/xsubpp  -typemap /System/Library/Perl/5.18/ExtUtils/typemap  Base64.xs > Base64.xsc && mv Base64.xsc Base64.c
cc -c   -arch x86_64 -arch i386 -g -pipe -fno-common -DPERL_DARWIN -fno-strict-aliasing -fstack-protector -Os   -DVERSION=\"3.15\" -DXS_VERSION=\"3.15\"  "-I/System/Library/Perl/5.18/darwin-thread-multi-2level/CORE"   Base64.c
Running Mkbootstrap for MIME::Base64 ()
chmod 644 Base64.bs
rm -f blib/arch/auto/MIME/Base64/Base64.bundle
cc -mmacosx-version-min=10.11  -arch x86_64 -arch i386 -bundle -undefined dynamic_lookup -fstack-protector Base64.o  -o blib/arch/auto/MIME/Base64/Base64.bundle 	\
	     	\
	  
chmod 755 blib/arch/auto/MIME/Base64/Base64.bundle
cp Base64.bs blib/arch/auto/MIME/Base64/Base64.bs
chmod 644 blib/arch/auto/MIME/Base64/Base64.bs
Manifying blib/man3/MIME::Base64.3pm
Manifying blib/man3/MIME::QuotedPrint.3pm
  GAAS/MIME-Base64-3.15.tar.gz
  /usr/bin/make -- OK
Running make test
PERL_DL_NONLAZY=1 /usr/bin/perl "-MExtUtils::Command::MM" "-e" "test_harness(0, 'blib/lib', 'blib/arch')" t/*.t
t/bad-sv.t ........ skipped: Perl::API needed for this test
t/base64.t ........ ok
t/length.t ........ ok
t/quoted-print.t .. ok
t/unicode.t ....... ok
All tests successful.
Files=5, Tests=481,  0 wallclock secs ( 0.06 usr  0.01 sys +  0.06 cusr  0.03 csys =  0.16 CPU)
Result: PASS
  GAAS/MIME-Base64-3.15.tar.gz
  /usr/bin/make test -- OK
Running make install
Files found in blib/arch: installing files in blib/lib into architecture dependent library tree
!!!!!!!!!!!!!!!!!!!!!!!!!!!!!!!!!!!!!!!!!!!!!!!!!!!!!!!!!!!!!!!!!!!!!!!!
ERROR: Can't create '/Library/Perl/5.18/darwin-thread-multi-2level/MIME'
mkdir /Library/Perl/5.18/darwin-thread-multi-2level/MIME: Permission denied at /System/Library/Perl/5.18/ExtUtils/Install.pm line 469.

!!!!!!!!!!!!!!!!!!!!!!!!!!!!!!!!!!!!!!!!!!!!!!!!!!!!!!!!!!!!!!!!!!!!!!!!
 at -e line 1.
make: *** [pure_site_install] Error 13
  GAAS/MIME-Base64-3.15.tar.gz
  /usr/bin/make install  -- NOT OK
  CPAN: Recompiling G/GA/GARU/Clone-0.38.tar.gz

Running make for G/GA/GARU/Clone-0.38.tar.gz
Fetching with LWP:
http://cpan.mirror.nac.net/authors/id/G/GA/GARU/Clone-0.38.tar.gz
Warning (usually harmless): 'YAML' not installed, cannot parse '/Users/rebeccafiletti/.cpan/FTPstats.yml'

Warning (usually harmless): 'YAML' not installed, cannot parse '/Users/rebeccafiletti/.cpan/FTPstats.yml'

Fetching with LWP:
http://cpan.mirror.nac.net/authors/id/G/GA/GARU/CHECKSUMS
Checksum for /Users/rebeccafiletti/.cpan/sources/authors/id/G/GA/GARU/Clone-0.38.tar.gz ok

  CPAN.pm: Building G/GA/GARU/Clone-0.38.tar.gz

Checking if your kit is complete...
Looks good
Writing Makefile for Clone
Writing MYMETA.yml and MYMETA.json
cp Clone.pm blib/lib/Clone.pm
AutoSplitting blib/lib/Clone.pm (blib/lib/auto/Clone)
/usr/bin/perl /System/Library/Perl/5.18/ExtUtils/xsubpp  -typemap /System/Library/Perl/5.18/ExtUtils/typemap  Clone.xs > Clone.xsc && mv Clone.xsc Clone.c
cc -c   -arch x86_64 -arch i386 -g -pipe -fno-common -DPERL_DARWIN -fno-strict-aliasing -fstack-protector -O3   -DVERSION=\"0.38\" -DXS_VERSION=\"0.38\"  "-I/System/Library/Perl/5.18/darwin-thread-multi-2level/CORE"   Clone.c
Running Mkbootstrap for Clone ()
chmod 644 Clone.bs
rm -f blib/arch/auto/Clone/Clone.bundle
cc -mmacosx-version-min=10.11  -arch x86_64 -arch i386 -bundle -undefined dynamic_lookup -fstack-protector Clone.o  -o blib/arch/auto/Clone/Clone.bundle 	\
	     	\
	  
chmod 755 blib/arch/auto/Clone/Clone.bundle
cp Clone.bs blib/arch/auto/Clone/Clone.bs
chmod 644 blib/arch/auto/Clone/Clone.bs
Manifying blib/man3/Clone.3pm
  GARU/Clone-0.38.tar.gz
  /usr/bin/make -- OK
Running make test
PERL_DL_NONLAZY=1 /usr/bin/perl "-MExtUtils::Command::MM" "-e" "test_harness(0, 'blib/lib', 'blib/arch')" t/*.t
t/01array.t ...... ok
t/02hash.t ....... ok
t/03scalar.t ..... ok
t/04tie.t ........ ok
t/05dtype.t ...... ok
t/06refcnt.t ..... ok
t/07magic.t ...... ok
t/08fieldhash.t .. ok
t/dclone.t ....... ok
All tests successful.
Files=9, Tests=69,  0 wallclock secs ( 0.05 usr  0.02 sys +  0.17 cusr  0.07 csys =  0.31 CPU)
Result: PASS
  GARU/Clone-0.38.tar.gz
  /usr/bin/make test -- OK
Running make install
Files found in blib/arch: installing files in blib/lib into architecture dependent library tree
!!!!!!!!!!!!!!!!!!!!!!!!!!!!!!!!!!!!!!!!!!!!!!!!!!!!!!!!!!!!!!!!!!!!!!!!
ERROR: Can't create '/Library/Perl/5.18/darwin-thread-multi-2level'
Do not have write permissions on '/Library/Perl/5.18/darwin-thread-multi-2level'
!!!!!!!!!!!!!!!!!!!!!!!!!!!!!!!!!!!!!!!!!!!!!!!!!!!!!!!!!!!!!!!!!!!!!!!!
 at -e line 1.
make: *** [pure_site_install] Error 13
  GARU/Clone-0.38.tar.gz
  /usr/bin/make install  -- NOT OK
----
  You may have to su to root to install the package
  (Or you may want to run something like
    o conf make_install_make_command 'sudo make'
  to raise your permissions.  CPAN: Recompiling G/GB/GBARR/IO-1.25.tar.gz

Running make for G/GB/GBARR/IO-1.25.tar.gz
Fetching with LWP:
http://cpan.mirror.nac.net/authors/id/G/GB/GBARR/IO-1.25.tar.gz
Warning (usually harmless): 'YAML' not installed, cannot parse '/Users/rebeccafiletti/.cpan/FTPstats.yml'

Warning (usually harmless): 'YAML' not installed, cannot parse '/Users/rebeccafiletti/.cpan/FTPstats.yml'

Fetching with LWP:
http://cpan.mirror.nac.net/authors/id/G/GB/GBARR/CHECKSUMS
Checksum for /Users/rebeccafiletti/.cpan/sources/authors/id/G/GB/GBARR/IO-1.25.tar.gz ok

  CPAN.pm: Building G/GB/GBARR/IO-1.25.tar.gz

Checking if your kit is complete...
Looks good
Writing Makefile for IO
Writing MYMETA.yml and MYMETA.json
cp lib/IO/Seekable.pm blib/lib/IO/Seekable.pm
cp lib/IO/Dir.pm blib/lib/IO/Dir.pm
cp IO.pm blib/lib/IO.pm
cp lib/IO/Poll.pm blib/lib/IO/Poll.pm
cp lib/IO/Socket/UNIX.pm blib/lib/IO/Socket/UNIX.pm
cp lib/IO/Handle.pm blib/lib/IO/Handle.pm
cp lib/IO/Socket/INET.pm blib/lib/IO/Socket/INET.pm
cp lib/IO/File.pm blib/lib/IO/File.pm
cp lib/IO/Select.pm blib/lib/IO/Select.pm
cp lib/IO/Socket.pm blib/lib/IO/Socket.pm
cp lib/IO/Pipe.pm blib/lib/IO/Pipe.pm
/usr/bin/perl /System/Library/Perl/5.18/ExtUtils/xsubpp  -typemap /System/Library/Perl/5.18/ExtUtils/typemap  IO.xs > IO.xsc && mv IO.xsc IO.c
cc -c   -arch x86_64 -arch i386 -g -pipe -fno-common -DPERL_DARWIN -fno-strict-aliasing -fstack-protector -Os   -DVERSION=\"1.25\" -DXS_VERSION=\"1.25\"  "-I/System/Library/Perl/5.18/darwin-thread-multi-2level/CORE"   IO.c
cc -c   -arch x86_64 -arch i386 -g -pipe -fno-common -DPERL_DARWIN -fno-strict-aliasing -fstack-protector -Os   -DVERSION=\"1.25\" -DXS_VERSION=\"1.25\"  "-I/System/Library/Perl/5.18/darwin-thread-multi-2level/CORE"   poll.c
Running Mkbootstrap for IO ()
chmod 644 IO.bs
rm -f blib/arch/auto/IO/IO.bundle
cc -mmacosx-version-min=10.11  -arch x86_64 -arch i386 -bundle -undefined dynamic_lookup -fstack-protector IO.o poll.o  -o blib/arch/auto/IO/IO.bundle 	\
	     	\
	  
chmod 755 blib/arch/auto/IO/IO.bundle
cp IO.bs blib/arch/auto/IO/IO.bs
chmod 644 blib/arch/auto/IO/IO.bs
Manifying blib/man3/IO::Handle.3pm
Manifying blib/man3/IO::Socket.3pm
Manifying blib/man3/IO::Select.3pm
Manifying blib/man3/IO::Dir.3pm
Manifying blib/man3/IO.3pm
Manifying blib/man3/IO::Socket::INET.3pm
Manifying blib/man3/IO::File.3pm
Manifying blib/man3/IO::Pipe.3pm
Manifying blib/man3/IO::Poll.3pm
Manifying blib/man3/IO::Socket::UNIX.3pm
Manifying blib/man3/IO::Seekable.3pm
  GBARR/IO-1.25.tar.gz
  /usr/bin/make -- OK
Running make test
PERL_DL_NONLAZY=1 /usr/bin/perl "-MExtUtils::Command::MM" "-e" "test_harness(0, 'blib/lib', 'blib/arch')" t/*.t
t/IO.t ............. 
Failed 1/18 subtests 
t/io_const.t ....... ok
t/io_dir.t ......... ok
t/io_dup.t ......... ok
t/io_file.t ........ ok
t/io_linenum.t ..... ok
t/io_multihomed.t .. ok
t/io_pipe.t ........ ok
t/io_poll.t ........ ok
t/io_sel.t ......... ok
t/io_sock.t ........ ok
t/io_taint.t ....... ok
t/io_tell.t ........ ok
t/io_udp.t ......... ok
t/io_unix.t ........ ok
t/io_utf8.t ........ ok
t/io_xs.t .......... ok

Test Summary Report
-------------------
t/IO.t           (Wstat: 0 Tests: 18 Failed: 1)
  Failed test:  6
Files=17, Tests=180, 22 wallclock secs ( 0.10 usr  0.04 sys +  0.47 cusr  0.22 csys =  0.83 CPU)
Result: FAIL
  GBARR/IO-1.25.tar.gz
  /usr/bin/make test -- NOT OK
//hint// to see the cpan-testers results for installing this module, try:
  reports GBARR/IO-1.25.tar.gz
Running make install
  make test had returned bad status, won't install without force
  CPAN: Recompiling H/HA/HARDAKER/NetSNMP-ASN-5.0404.tar.gz

Running make for H/HA/HARDAKER/NetSNMP-ASN-5.0404.tar.gz
Fetching with LWP:
http://cpan.mirror.nac.net/authors/id/H/HA/HARDAKER/NetSNMP-ASN-5.0404.tar.gz
Warning (usually harmless): 'YAML' not installed, cannot parse '/Users/rebeccafiletti/.cpan/FTPstats.yml'

Warning (usually harmless): 'YAML' not installed, cannot parse '/Users/rebeccafiletti/.cpan/FTPstats.yml'

Fetching with LWP:
http://cpan.mirror.nac.net/authors/id/H/HA/HARDAKER/CHECKSUMS
Checksum for /Users/rebeccafiletti/.cpan/sources/authors/id/H/HA/HARDAKER/NetSNMP-ASN-5.0404.tar.gz ok

  CPAN.pm: Building H/HA/HARDAKER/NetSNMP-ASN-5.0404.tar.gz

Checking if your kit is complete...
Looks good
Writing Makefile for NetSNMP::ASN
Writing MYMETA.yml and MYMETA.json
Warning: No success on command[/usr/bin/perl Makefile.PL]
  HARDAKER/NetSNMP-ASN-5.0404.tar.gz
  /usr/bin/perl Makefile.PL -- NOT OK
Running make test
  Make had some problems, won't test
Running make install
  Make had some problems, won't install
  CPAN: Recompiling H/HA/HARDAKER/NetSNMP-OID-5.0404.tar.gz

Running make for H/HA/HARDAKER/NetSNMP-OID-5.0404.tar.gz
Fetching with LWP:
http://cpan.mirror.nac.net/authors/id/H/HA/HARDAKER/NetSNMP-OID-5.0404.tar.gz
Checksum for /Users/rebeccafiletti/.cpan/sources/authors/id/H/HA/HARDAKER/NetSNMP-OID-5.0404.tar.gz ok

  CPAN.pm: Building H/HA/HARDAKER/NetSNMP-OID-5.0404.tar.gz

Checking if your kit is complete...
Looks good
Writing Makefile for NetSNMP::OID
Writing MYMETA.yml and MYMETA.json
Warning: No success on command[/usr/bin/perl Makefile.PL]
  HARDAKER/NetSNMP-OID-5.0404.tar.gz
  /usr/bin/perl Makefile.PL -- NOT OK
Running make test
  Make had some problems, won't test
Running make install
  Make had some problems, won't install
  CPAN: Recompiling H/HA/HARDAKER/NetSNMP-TrapReceiver-5.0404.tar.gz

Running make for H/HA/HARDAKER/NetSNMP-TrapReceiver-5.0404.tar.gz
Fetching with LWP:
http://cpan.mirror.nac.net/authors/id/H/HA/HARDAKER/NetSNMP-TrapReceiver-5.0404.tar.gz
Checksum for /Users/rebeccafiletti/.cpan/sources/authors/id/H/HA/HARDAKER/NetSNMP-TrapReceiver-5.0404.tar.gz ok

  CPAN.pm: Building H/HA/HARDAKER/NetSNMP-TrapReceiver-5.0404.tar.gz

Checking if your kit is complete...
Looks good
Writing Makefile for NetSNMP::TrapReceiver
Writing MYMETA.yml and MYMETA.json
Warning: No success on command[/usr/bin/perl Makefile.PL]
  HARDAKER/NetSNMP-TrapReceiver-5.0404.tar.gz
  /usr/bin/perl Makefile.PL -- NOT OK
Running make test
  Make had some problems, won't test
Running make install
  Make had some problems, won't install
  CPAN: Recompiling H/HA/HARDAKER/NetSNMP-agent-5.0404.tar.gz

Running make for H/HA/HARDAKER/NetSNMP-agent-5.0404.tar.gz
Fetching with LWP:
http://cpan.mirror.nac.net/authors/id/H/HA/HARDAKER/NetSNMP-agent-5.0404.tar.gz
Checksum for /Users/rebeccafiletti/.cpan/sources/authors/id/H/HA/HARDAKER/NetSNMP-agent-5.0404.tar.gz ok

  CPAN.pm: Building H/HA/HARDAKER/NetSNMP-agent-5.0404.tar.gz

Checking if your kit is complete...
Looks good
Writing Makefile for NetSNMP::agent::Support
Writing MYMETA.yml and MYMETA.json
Warning: No success on command[/usr/bin/perl Makefile.PL]
  HARDAKER/NetSNMP-agent-5.0404.tar.gz
  /usr/bin/perl Makefile.PL -- NOT OK
Running make test
  Make had some problems, won't test
Running make install
  Make had some problems, won't install
  CPAN: Recompiling H/HA/HARDAKER/NetSNMP-default_store-5.0404.tar.gz

Running make for H/HA/HARDAKER/NetSNMP-default_store-5.0404.tar.gz
Fetching with LWP:
http://cpan.mirror.nac.net/authors/id/H/HA/HARDAKER/NetSNMP-default_store-5.0404.tar.gz
Checksum for /Users/rebeccafiletti/.cpan/sources/authors/id/H/HA/HARDAKER/NetSNMP-default_store-5.0404.tar.gz ok

  CPAN.pm: Building H/HA/HARDAKER/NetSNMP-default_store-5.0404.tar.gz

Checking if your kit is complete...
Looks good
Writing Makefile for NetSNMP::default_store
Writing MYMETA.yml and MYMETA.json
cp default_store.pm blib/lib/NetSNMP/default_store.pm
AutoSplitting blib/lib/NetSNMP/default_store.pm (blib/lib/auto/NetSNMP/default_store)
/usr/bin/perl /System/Library/Perl/5.18/ExtUtils/xsubpp -prototypes -typemap /System/Library/Perl/5.18/ExtUtils/typemap -typemap typemap  default_store.xs > default_store.xsc && mv default_store.xsc default_store.c
cc -c   -DNETSNMP_ENABLE_IPV6 -fno-strict-aliasing -g -Os -pipe -DBUILD=149 -DMACOSX_DEPLOYMENT_TARGET=10.11 -F/Applications/Xcode.app/Contents/Developer/Platforms/MacOSX.platform/Developer/SDKs/MacOSX10.11.Internal.sdk/System/Library/PrivateFrameworks/ -F/Applications/Xcode.app/Contents/Developer/Platforms/MacOSX.platform/Developer/SDKs/MacOSX10.11.Internal.sdk/System/Library/Frameworks/ -Udarwin15 -Ddarwin15=darwin15 -I. -I/usr/local/include -arch x86_64 -arch i386 -g -pipe -fno-common -DPERL_DARWIN -fno-strict-aliasing -fstack-protector -Os   -DVERSION=\"5.0404\" -DXS_VERSION=\"5.0404\"  "-I/System/Library/Perl/5.18/darwin-thread-multi-2level/CORE"   default_store.c
Running Mkbootstrap for NetSNMP::default_store ()
chmod 644 default_store.bs
rm -f blib/arch/auto/NetSNMP/default_store/default_store.bundle
LD_RUN_PATH="/usr/lib" cc -mmacosx-version-min=10.11  -arch x86_64 -arch i386 -bundle -undefined dynamic_lookup -fstack-protector  default_store.o  -o blib/arch/auto/NetSNMP/default_store/default_store.bundle 	\
	   -lnetsnmp -lcrypto  	\
	  
chmod 755 blib/arch/auto/NetSNMP/default_store/default_store.bundle
cp default_store.bs blib/arch/auto/NetSNMP/default_store/default_store.bs
chmod 644 blib/arch/auto/NetSNMP/default_store/default_store.bs
Manifying blib/man3/NetSNMP::default_store.3pm
  HARDAKER/NetSNMP-default_store-5.0404.tar.gz
  /usr/bin/make -- OK
Running make test
PERL_DL_NONLAZY=1 /usr/bin/perl "-Iblib/lib" "-Iblib/arch" test.pl
1..90
ok 1
ok 2
ok 3
ok 4
ok 5
ok 6
ok 7
ok 8
ok 9
ok 10
ok 11
ok 12
ok 13
ok 14
ok 15
ok 16
ok 17
ok 18
ok 19
ok 20
ok 21
ok 22
ok 23
ok 24
ok 25
ok 26
ok 27
ok 28
ok 29
ok 30
ok 31
ok 32
ok 33
ok 34
ok 35
ok 36
ok 37
ok 38
ok 39
ok 40
ok 41
ok 42
ok 43
ok 44
ok 45
ok 46
ok 47
ok 48
ok 49
ok 50
ok 51
ok 52
ok 53
ok 54
ok 55
ok 56
ok 57
ok 58
ok 59
ok 60
ok 61
ok 62
ok 63
ok 64
ok 65
ok 66
ok 67
ok 68
ok 69
ok 70
ok 71
ok 72
ok 73
ok 74
ok 75
ok 76
ok 77
not ok 78
#  error:  name=NETSNMP_DS_MAX_SUBIDS value_expected=40  value_got=48 
ok 79
ok 80
ok 81
ok 82
ok 83
ok 84
ok 85
ok 86
ok 87
ok 88
ok 89
ok 90
  HARDAKER/NetSNMP-default_store-5.0404.tar.gz
  /usr/bin/make test -- OK
Running make install
Files found in blib/arch: installing files in blib/lib into architecture dependent library tree
!!!!!!!!!!!!!!!!!!!!!!!!!!!!!!!!!!!!!!!!!!!!!!!!!!!!!!!!!!!!!!!!!!!!!!!!
ERROR: Can't create '/Library/Perl/5.18/darwin-thread-multi-2level/NetSNMP'
Do not have write permissions on '/Library/Perl/5.18/darwin-thread-multi-2level/NetSNMP'
!!!!!!!!!!!!!!!!!!!!!!!!!!!!!!!!!!!!!!!!!!!!!!!!!!!!!!!!!!!!!!!!!!!!!!!!
 at -e line 1.
make: *** [pure_site_install] Error 13
  HARDAKER/NetSNMP-default_store-5.0404.tar.gz
  /usr/bin/make install  -- NOT OK
----
  You may have to su to root to install the package
  (Or you may want to run something like
    o conf make_install_make_command 'sudo make'
  to raise your permissions.  CPAN: Recompiling H/HA/HARDAKER/SNMP-5.0404.tar.gz

Running make for H/HA/HARDAKER/SNMP-5.0404.tar.gz
Fetching with LWP:
http://cpan.mirror.nac.net/authors/id/H/HA/HARDAKER/SNMP-5.0404.tar.gz
Checksum for /Users/rebeccafiletti/.cpan/sources/authors/id/H/HA/HARDAKER/SNMP-5.0404.tar.gz ok

  CPAN.pm: Building H/HA/HARDAKER/SNMP-5.0404.tar.gz

Checking if your kit is complete...
Looks good
Writing Makefile for SNMP
Writing MYMETA.yml and MYMETA.json
Warning: No success on command[/usr/bin/perl Makefile.PL]
  HARDAKER/SNMP-5.0404.tar.gz
  /usr/bin/perl Makefile.PL -- NOT OK
Running make test
  Make had some problems, won't test
Running make install
  Make had some problems, won't install
  CPAN: Recompiling I/IL/ILMARI/bareword-filehandles-0.004.tar.gz

Running make for I/IL/ILMARI/bareword-filehandles-0.004.tar.gz
Fetching with LWP:
http://cpan.mirror.nac.net/authors/id/I/IL/ILMARI/bareword-filehandles-0.004.tar.gz
Warning (usually harmless): 'YAML' not installed, cannot parse '/Users/rebeccafiletti/.cpan/FTPstats.yml'

Warning (usually harmless): 'YAML' not installed, cannot parse '/Users/rebeccafiletti/.cpan/FTPstats.yml'

Fetching with LWP:
http://cpan.mirror.nac.net/authors/id/I/IL/ILMARI/CHECKSUMS
Checksum for /Users/rebeccafiletti/.cpan/sources/authors/id/I/IL/ILMARI/bareword-filehandles-0.004.tar.gz ok

  CPAN.pm: Building I/IL/ILMARI/bareword-filehandles-0.004.tar.gz

Checking if your kit is complete...
Looks good
Writing Makefile for bareword::filehandles
Writing MYMETA.yml and MYMETA.json
cp lib/bareword/filehandles.pm blib/lib/bareword/filehandles.pm
/usr/bin/perl /System/Library/Perl/5.18/ExtUtils/xsubpp  -typemap /System/Library/Perl/5.18/ExtUtils/typemap  filehandles.xs > filehandles.xsc && mv filehandles.xsc filehandles.c
cc -c  -I/System/Library/Perl/Extras/5.18/darwin-thread-multi-2level/B/Hooks/OP/Check/Install -arch x86_64 -arch i386 -g -pipe -fno-common -DPERL_DARWIN -fno-strict-aliasing -fstack-protector -Os   -DVERSION=\"0.004\" -DXS_VERSION=\"0.004\"  "-I/System/Library/Perl/5.18/darwin-thread-multi-2level/CORE"   filehandles.c
Running Mkbootstrap for bareword::filehandles ()
chmod 644 filehandles.bs
rm -f blib/arch/auto/bareword/filehandles/filehandles.bundle
cc -mmacosx-version-min=10.11  -arch x86_64 -arch i386 -bundle -undefined dynamic_lookup -fstack-protector filehandles.o  -o blib/arch/auto/bareword/filehandles/filehandles.bundle 	\
	     	\
	  
chmod 755 blib/arch/auto/bareword/filehandles/filehandles.bundle
cp filehandles.bs blib/arch/auto/bareword/filehandles/filehandles.bs
chmod 644 blib/arch/auto/bareword/filehandles/filehandles.bs
Manifying blib/man3/bareword::filehandles.3pm
  ILMARI/bareword-filehandles-0.004.tar.gz
  /usr/bin/make -- OK
Running make test
PERL_DL_NONLAZY=1 /usr/bin/perl "-MExtUtils::Command::MM" "-e" "test_harness(0, 'blib/lib', 'blib/arch')" t/*.t
t/author-pod-coverage.t .. skipped: these tests are for testing by the author
t/author-pod-syntax.t .... skipped: these tests are for testing by the author
t/basic.t ................ ok
All tests successful.
Files=3, Tests=480,  0 wallclock secs ( 0.06 usr  0.01 sys +  0.14 cusr  0.03 csys =  0.24 CPU)
Result: PASS
  ILMARI/bareword-filehandles-0.004.tar.gz
  /usr/bin/make test -- OK
Running make install
Files found in blib/arch: installing files in blib/lib into architecture dependent library tree
!!!!!!!!!!!!!!!!!!!!!!!!!!!!!!!!!!!!!!!!!!!!!!!!!!!!!!!!!!!!!!!!!!!!!!!!
ERROR: Can't create '/Library/Perl/5.18/darwin-thread-multi-2level/auto/bareword/filehandles'
mkdir /Library/Perl/5.18/darwin-thread-multi-2level/auto/bareword: Permission denied at /System/Library/Perl/5.18/ExtUtils/Install.pm line 469.

!!!!!!!!!!!!!!!!!!!!!!!!!!!!!!!!!!!!!!!!!!!!!!!!!!!!!!!!!!!!!!!!!!!!!!!!
 at -e line 1.
make: *** [pure_site_install] Error 13
  ILMARI/bareword-filehandles-0.004.tar.gz
  /usr/bin/make install  -- NOT OK
  CPAN: Recompiling I/IL/ILMARI/multidimensional-0.012.tar.gz

Running make for I/IL/ILMARI/multidimensional-0.012.tar.gz
Fetching with LWP:
http://cpan.mirror.nac.net/authors/id/I/IL/ILMARI/multidimensional-0.012.tar.gz
Checksum for /Users/rebeccafiletti/.cpan/sources/authors/id/I/IL/ILMARI/multidimensional-0.012.tar.gz ok

  CPAN.pm: Building I/IL/ILMARI/multidimensional-0.012.tar.gz

Checking if your kit is complete...
Looks good
Writing Makefile for multidimensional
Writing MYMETA.yml and MYMETA.json
cp lib/multidimensional.pm blib/lib/multidimensional.pm
/usr/bin/perl /System/Library/Perl/5.18/ExtUtils/xsubpp  -typemap /System/Library/Perl/5.18/ExtUtils/typemap  multidimensional.xs > multidimensional.xsc && mv multidimensional.xsc multidimensional.c
cc -c  -I/System/Library/Perl/Extras/5.18/darwin-thread-multi-2level/B/Hooks/OP/Check/Install -arch x86_64 -arch i386 -g -pipe -fno-common -DPERL_DARWIN -fno-strict-aliasing -fstack-protector -Os   -DVERSION=\"0.012\" -DXS_VERSION=\"0.012\"  "-I/System/Library/Perl/5.18/darwin-thread-multi-2level/CORE"   multidimensional.c
Running Mkbootstrap for multidimensional ()
chmod 644 multidimensional.bs
rm -f blib/arch/auto/multidimensional/multidimensional.bundle
cc -mmacosx-version-min=10.11  -arch x86_64 -arch i386 -bundle -undefined dynamic_lookup -fstack-protector multidimensional.o  -o blib/arch/auto/multidimensional/multidimensional.bundle 	\
	     	\
	  
chmod 755 blib/arch/auto/multidimensional/multidimensional.bundle
cp multidimensional.bs blib/arch/auto/multidimensional/multidimensional.bs
chmod 644 blib/arch/auto/multidimensional/multidimensional.bs
Manifying blib/man3/multidimensional.3pm
  ILMARI/multidimensional-0.012.tar.gz
  /usr/bin/make -- OK
Running make test
PERL_DL_NONLAZY=1 /usr/bin/perl "-MExtUtils::Command::MM" "-e" "test_harness(0, 'blib/lib', 'blib/arch')" t/*.t
t/author-pod-coverage.t .. skipped: these tests are for testing by the author
t/author-pod-syntax.t .... skipped: these tests are for testing by the author
t/basic.t ................ ok
All tests successful.
Files=3, Tests=14,  0 wallclock secs ( 0.03 usr  0.01 sys +  0.06 cusr  0.02 csys =  0.12 CPU)
Result: PASS
  ILMARI/multidimensional-0.012.tar.gz
  /usr/bin/make test -- OK
Running make install
Files found in blib/arch: installing files in blib/lib into architecture dependent library tree
!!!!!!!!!!!!!!!!!!!!!!!!!!!!!!!!!!!!!!!!!!!!!!!!!!!!!!!!!!!!!!!!!!!!!!!!
ERROR: Can't create '/Library/Perl/5.18/darwin-thread-multi-2level'
Do not have write permissions on '/Library/Perl/5.18/darwin-thread-multi-2level'
!!!!!!!!!!!!!!!!!!!!!!!!!!!!!!!!!!!!!!!!!!!!!!!!!!!!!!!!!!!!!!!!!!!!!!!!
 at -e line 1.
make: *** [pure_site_install] Error 13
  ILMARI/multidimensional-0.012.tar.gz
  /usr/bin/make install  -- NOT OK
----
  You may have to su to root to install the package
  (Or you may want to run something like
    o conf make_install_make_command 'sudo make'
  to raise your permissions.  CPAN: Recompiling I/IS/ISHIGAKI/DBD-SQLite-1.50.tar.gz

Running make for I/IS/ISHIGAKI/DBD-SQLite-1.50.tar.gz
Fetching with LWP:
http://cpan.mirror.nac.net/authors/id/I/IS/ISHIGAKI/DBD-SQLite-1.50.tar.gz
Warning (usually harmless): 'YAML' not installed, cannot parse '/Users/rebeccafiletti/.cpan/FTPstats.yml'

Warning (usually harmless): 'YAML' not installed, cannot parse '/Users/rebeccafiletti/.cpan/FTPstats.yml'

Fetching with LWP:
http://cpan.mirror.nac.net/authors/id/I/IS/ISHIGAKI/CHECKSUMS
Checksum for /Users/rebeccafiletti/.cpan/sources/authors/id/I/IS/ISHIGAKI/DBD-SQLite-1.50.tar.gz ok

  CPAN.pm: Building I/IS/ISHIGAKI/DBD-SQLite-1.50.tar.gz

Checking if your kit is complete...
Looks good
Using DBI 1.631 (for perl 5.018002 on darwin-thread-multi-2level) installed in /System/Library/Perl/Extras/5.18/darwin-thread-multi-2level/auto/DBI/
Writing Makefile for DBD::SQLite
Writing MYMETA.yml and MYMETA.json
cp lib/DBD/SQLite/VirtualTable/PerlData.pm blib/lib/DBD/SQLite/VirtualTable/PerlData.pm
cp lib/DBD/SQLite.pm blib/lib/DBD/SQLite.pm
cp lib/DBD/SQLite/Constants.pm blib/lib/DBD/SQLite/Constants.pm
cp lib/DBD/SQLite/Fulltext_search.pod blib/lib/DBD/SQLite/Fulltext_search.pod
cp lib/DBD/SQLite/Cookbook.pod blib/lib/DBD/SQLite/Cookbook.pod
cp lib/DBD/SQLite/VirtualTable/FileContent.pm blib/lib/DBD/SQLite/VirtualTable/FileContent.pm
cp lib/DBD/SQLite/VirtualTable.pm blib/lib/DBD/SQLite/VirtualTable.pm
/usr/bin/perl -p -e "s/~DRIVER~/SQLite/g" /System/Library/Perl/Extras/5.18/darwin-thread-multi-2level/auto/DBI/Driver.xst > SQLite.xsi
/usr/bin/perl /System/Library/Perl/5.18/ExtUtils/xsubpp  -typemap /System/Library/Perl/5.18/ExtUtils/typemap -typemap typemap  SQLite.xs > SQLite.xsc && mv SQLite.xsc SQLite.c
cc -c  -I. -I/System/Library/Perl/Extras/5.18/darwin-thread-multi-2level/auto/DBI -arch x86_64 -arch i386 -g -pipe -fno-common -DPERL_DARWIN -fno-strict-aliasing -fstack-protector -Os   -DVERSION=\"1.50\" -DXS_VERSION=\"1.50\"  "-I/System/Library/Perl/5.18/darwin-thread-multi-2level/CORE"  -DSQLITE_ENABLE_FTS4 -DSQLITE_ENABLE_FTS3_PARENTHESIS -DSQLITE_ENABLE_RTREE -DSQLITE_ENABLE_COLUMN_METADATA -DSQLITE_ENABLE_STAT3 -DSQLITE_ENABLE_STAT4 -DSQLITE_ENABLE_JSON1 -DNDEBUG=1 -DHAVE_USLEEP=1 -DSQLITE_ENABLE_LOCKING_STYLE=0 SQLite.c
cc -c  -I. -I/System/Library/Perl/Extras/5.18/darwin-thread-multi-2level/auto/DBI -arch x86_64 -arch i386 -g -pipe -fno-common -DPERL_DARWIN -fno-strict-aliasing -fstack-protector -Os   -DVERSION=\"1.50\" -DXS_VERSION=\"1.50\"  "-I/System/Library/Perl/5.18/darwin-thread-multi-2level/CORE"  -DSQLITE_ENABLE_FTS4 -DSQLITE_ENABLE_FTS3_PARENTHESIS -DSQLITE_ENABLE_RTREE -DSQLITE_ENABLE_COLUMN_METADATA -DSQLITE_ENABLE_STAT3 -DSQLITE_ENABLE_STAT4 -DSQLITE_ENABLE_JSON1 -DNDEBUG=1 -DHAVE_USLEEP=1 -DSQLITE_ENABLE_LOCKING_STYLE=0 dbdimp.c
cc -c  -I. -I/System/Library/Perl/Extras/5.18/darwin-thread-multi-2level/auto/DBI -arch x86_64 -arch i386 -g -pipe -fno-common -DPERL_DARWIN -fno-strict-aliasing -fstack-protector -Os   -DVERSION=\"1.50\" -DXS_VERSION=\"1.50\"  "-I/System/Library/Perl/5.18/darwin-thread-multi-2level/CORE"  -DSQLITE_ENABLE_FTS4 -DSQLITE_ENABLE_FTS3_PARENTHESIS -DSQLITE_ENABLE_RTREE -DSQLITE_ENABLE_COLUMN_METADATA -DSQLITE_ENABLE_STAT3 -DSQLITE_ENABLE_STAT4 -DSQLITE_ENABLE_JSON1 -DNDEBUG=1 -DHAVE_USLEEP=1 -DSQLITE_ENABLE_LOCKING_STYLE=0 sqlite3.c
